<?xml version="1.0" encoding="UTF-8"?>
<!-- Generated by org.testng.reporters.JUnitXMLReporter -->
<testsuite hostname="LAPTOP-NM5D28JI" name="Test" tests="3" failures="0" timestamp="22 Jun 2020 14:37:31 GMT" time="82.432" errors="0">
  <testcase name="ValidateTotal" time="39.33" classname="Project.Ecommerce"/>
  <testcase name="PageObjectMain" time="20.751" classname="Project.ApiDemoTest"/>
  <testcase name="PageObjectMain" time="20.324" classname="Project.ApiDemoTest"/>
</testsuite> <!-- Test -->
