<?xml version="1.0" encoding="UTF-8"?>
<testsuite xmlns:xsi="http://www.w3.org/2001/XMLSchema-instance" xsi:noNamespaceSchemaLocation="https://maven.apache.org/surefire/maven-surefire-plugin/xsd/surefire-test-report-3.0.xsd" version="3.0" name="TestSuite" time="83.423" tests="3" errors="0" skipped="0" failures="0">
  <properties>
[...]
</properties>
  <testcase name="ValidateTotal" classname="Project.Ecommerce" time="39.469">
    <system-out><![CDATA[&amp#27;[35m[Appium]&amp#27;[39m Welcome to Appium v1.17.1
&amp#27;[35m[Appium]&amp#27;[39m Appium REST http interface listener started on 0.0.0.0:4723
&amp#27;[35m[HTTP]&amp#27;[39m &amp#27;[37m-->&amp#27;[39m &amp#27;[37mGET&amp#27;[39m &amp#27;[37m/wd/hub/status&amp#27;[39m
&amp#27;[35m[HTTP]&amp#27;[39m &amp#27;[90m{}&amp#27;[39m
[debug] &amp#27;[35m[GENERIC]&amp#27;[39m Calling AppiumDriver.getStatus() with args: []
[debug] &amp#27;[35m[GENERIC]&amp#27;[39m Responding to client with driver.getStatus() result: {"build":{"version":"1.17.1"}}
&amp#27;[35m[HTTP]&amp#27;[39m &amp#27;[37m<-- GET /wd/hub/status &amp#27;[39m&amp#27;[32m200&amp#27;[39m &amp#27;[90m6 ms - 68&amp#27;[39m
&amp#27;[35m[HTTP]&amp#27;[39m &amp#27;[90m&amp#27;[39m
&amp#27;[35m[HTTP]&amp#27;[39m &amp#27;[37m-->&amp#27;[39m &amp#27;[37mPOST&amp#27;[39m &amp#27;[37m/wd/hub/session&amp#27;[39m
&amp#27;[35m[HTTP]&amp#27;[39m &amp#27;[90m{"desiredCapabilities":{"app":"D:\\AppiumTutorial\\Projects\\AppiumFramework\\src\\General-Store.apk","chromedriverExecutable":"D:\\AppiumTutorial\\Projects\\Introduction\\BrowserDriver\\Google\\chromedriver.exe","newCommandTimeout":15,"automationName":"Uiautomator2","platformName":"Android","deviceName":"Nexus5XPie9Emulator"},"capabilities":{"alwaysMatch":{"appium:app":"D:\\AppiumTutorial\\Projects\\AppiumFramework\\src\\General-Store.apk","appium:automationName":"Uiautomator2","appium:chromedriverExecutable":"D:\\AppiumTutorial\\Projects\\Introduction\\BrowserDriver\\Google\\chromedriver.exe","appium:deviceName":"Nexus5XPie9Emulator","appium:newCommandTimeout":15,"platformName":"android"},"firstMatch":[{}]}}&amp#27;[39m
[debug] &amp#27;[35m[W3C]&amp#27;[39m Calling AppiumDriver.createSession() with args: [{"app":"D:\\AppiumTutorial\\Projects\\AppiumFramework\\src\\General-Store.apk","chromedriverExecutable":"D:\\AppiumTutorial\\Projects\\Introduction\\BrowserDriver\\Google\\chromedriver.exe","newCommandTimeout":15,"automationName":"Uiautomator2","platformName":"Android","deviceName":"Nexus5XPie9Emulator"},null,{"alwaysMatch":{"appium:app":"D:\\AppiumTutorial\\Projects\\AppiumFramework\\src\\General-Store.apk","appium:automationName":"Uiautomator2","appium:chromedriverExecutable":"D:\\AppiumTutorial\\Projects\\Introduction\\BrowserDriver\\Google\\chromedriver.exe","appium:deviceName":"Nexus5XPie9Emulator","appium:newCommandTimeout":15,"platformName":"android"},"firstMatch":[{}]}]
[debug] &amp#27;[35m[BaseDriver]&amp#27;[39m Event 'newSessionRequested' logged at 1592836574191 (22:36:14 GMT+0800 (Malaysia Time))
&amp#27;[35m[Appium]&amp#27;[39m Appium v1.17.1 creating new AndroidUiautomator2Driver (v1.44.2) session
[debug] &amp#27;[35m[BaseDriver]&amp#27;[39m W3C capabilities and MJSONWP desired capabilities were provided
[debug] &amp#27;[35m[BaseDriver]&amp#27;[39m Creating session with W3C capabilities: {
[debug] &amp#27;[35m[BaseDriver]&amp#27;[39m   "alwaysMatch": {
[debug] &amp#27;[35m[BaseDriver]&amp#27;[39m     "platformName": "android",
[debug] &amp#27;[35m[BaseDriver]&amp#27;[39m     "appium:app": "D:\\AppiumTutorial\\Projects\\AppiumFramework\\src\\General-Store.apk",
[debug] &amp#27;[35m[BaseDriver]&amp#27;[39m     "appium:automationName": "Uiautomator2",
[debug] &amp#27;[35m[BaseDriver]&amp#27;[39m     "appium:chromedriverExecutable": "D:\\AppiumTutorial\\Projects\\Introduction\\BrowserDriver\\Google\\chromedriver.exe",
[debug] &amp#27;[35m[BaseDriver]&amp#27;[39m     "appium:deviceName": "Nexus5XPie9Emulator",
[debug] &amp#27;[35m[BaseDriver]&amp#27;[39m     "appium:newCommandTimeout": 15
[debug] &amp#27;[35m[BaseDriver]&amp#27;[39m   },
[debug] &amp#27;[35m[BaseDriver]&amp#27;[39m   "firstMatch": [
[debug] &amp#27;[35m[BaseDriver]&amp#27;[39m     {}
[debug] &amp#27;[35m[BaseDriver]&amp#27;[39m   ]
[debug] &amp#27;[35m[BaseDriver]&amp#27;[39m }
&amp#27;[35m[BaseDriver]&amp#27;[39m Session created with session id: 96bdc753-10df-4008-9717-9af196ea7a09
&amp#27;[35m[BaseDriver]&amp#27;[39m Using local app 'D:\AppiumTutorial\Projects\AppiumFramework\src\General-Store.apk'
[debug] &amp#27;[35m[UiAutomator2]&amp#27;[39m Checking whether app is actually present
&amp#27;[35m[ADB]&amp#27;[39m Found 1 'build-tools' folders under 'C:\Users\ANANTHAROOBAN\AppData\Local\Android\Sdk' (newest first):
&amp#27;[35m[ADB]&amp#27;[39m     C:/Users/ANANTHAROOBAN/AppData/Local/Android/Sdk/build-tools/29.0.3
&amp#27;[35m[ADB]&amp#27;[39m Using 'adb.exe' from 'C:\Users\ANANTHAROOBAN\AppData\Local\Android\Sdk\platform-tools\adb.exe'
&amp#27;[35m[AndroidDriver]&amp#27;[39m Retrieving device list
[debug] &amp#27;[35m[ADB]&amp#27;[39m Trying to find a connected android device
[debug] &amp#27;[35m[ADB]&amp#27;[39m Getting connected devices...
[debug] &amp#27;[35m[ADB]&amp#27;[39m Connected devices: [{"udid":"emulator-5554","state":"device"}]
&amp#27;[35m[AndroidDriver]&amp#27;[39m Using device: emulator-5554
&amp#27;[35m[ADB]&amp#27;[39m Using 'adb.exe' from 'C:\Users\ANANTHAROOBAN\AppData\Local\Android\Sdk\platform-tools\adb.exe'
[debug] &amp#27;[35m[ADB]&amp#27;[39m Setting device id to emulator-5554
[debug] &amp#27;[35m[ADB]&amp#27;[39m Running 'C:\Users\ANANTHAROOBAN\AppData\Local\Android\Sdk\platform-tools\adb.exe -P 5037 -s emulator-5554 shell getprop ro.build.version.sdk'
[debug] &amp#27;[35m[ADB]&amp#27;[39m Current device property 'ro.build.version.sdk': 28
&amp#27;[35m[ADB]&amp#27;[39m Getting device platform version
[debug] &amp#27;[35m[ADB]&amp#27;[39m Running 'C:\Users\ANANTHAROOBAN\AppData\Local\Android\Sdk\platform-tools\adb.exe -P 5037 -s emulator-5554 shell getprop ro.build.version.release'
[debug] &amp#27;[35m[ADB]&amp#27;[39m Current device property 'ro.build.version.release': 9
[debug] &amp#27;[35m[ADB]&amp#27;[39m Device API level: 28
&amp#27;[35m[UiAutomator2]&amp#27;[39m Relaxing hidden api policy
[debug] &amp#27;[35m[ADB]&amp#27;[39m Running 'C:\Users\ANANTHAROOBAN\AppData\Local\Android\Sdk\platform-tools\adb.exe -P 5037 -s emulator-5554 shell settings put global hidden_api_policy_pre_p_apps 1'
[debug] &amp#27;[35m[ADB]&amp#27;[39m Running 'C:\Users\ANANTHAROOBAN\AppData\Local\Android\Sdk\platform-tools\adb.exe -P 5037 -s emulator-5554 shell settings put global hidden_api_policy_p_apps 1'
[debug] &amp#27;[35m[ADB]&amp#27;[39m Running 'C:\Users\ANANTHAROOBAN\AppData\Local\Android\Sdk\platform-tools\adb.exe -P 5037 -s emulator-5554 shell settings put global hidden_api_policy 1'
[debug] &amp#27;[35m[AndroidDriver]&amp#27;[39m Parsing package and activity from app manifest
&amp#27;[35m[ADB]&amp#27;[39m Package name: 'com.androidsample.generalstore'
&amp#27;[35m[ADB]&amp#27;[39m Main activity name: 'com.androidsample.generalstore.SplashActivity'
[debug] &amp#27;[35m[AndroidDriver]&amp#27;[39m Parsed package and activity are: com.androidsample.generalstore/com.androidsample.generalstore.SplashActivity
[debug] &amp#27;[35m[ADB]&amp#27;[39m Running 'C:\Users\ANANTHAROOBAN\AppData\Local\Android\Sdk\platform-tools\adb.exe -P 5037 -s emulator-5554 wait-for-device'
[debug] &amp#27;[35m[ADB]&amp#27;[39m Running 'C:\Users\ANANTHAROOBAN\AppData\Local\Android\Sdk\platform-tools\adb.exe -P 5037 -s emulator-5554 shell echo ping'
[debug] &amp#27;[35m[AndroidDriver]&amp#27;[39m Pushing settings apk to device...
[debug] &amp#27;[35m[ADB]&amp#27;[39m Getting install status for io.appium.settings
[debug] &amp#27;[35m[ADB]&amp#27;[39m Running 'C:\Users\ANANTHAROOBAN\AppData\Local\Android\Sdk\platform-tools\adb.exe -P 5037 -s emulator-5554 shell dumpsys package io.appium.settings'
[debug] &amp#27;[35m[ADB]&amp#27;[39m 'io.appium.settings' is installed
[debug] &amp#27;[35m[ADB]&amp#27;[39m Getting package info for 'io.appium.settings'
[debug] &amp#27;[35m[ADB]&amp#27;[39m Running 'C:\Users\ANANTHAROOBAN\AppData\Local\Android\Sdk\platform-tools\adb.exe -P 5037 -s emulator-5554 shell dumpsys package io.appium.settings'
[debug] &amp#27;[35m[ADB]&amp#27;[39m The version name of the installed 'io.appium.settings' is greater or equal to the application version name ('3.1.0' >= '3.1.0')
[debug] &amp#27;[35m[ADB]&amp#27;[39m There is no need to install/upgrade 'C:\Users\ANANTHAROOBAN\AppData\Roaming\npm\node_modules\appium\node_modules\io.appium.settings\apks\settings_apk-debug.apk'
[debug] &amp#27;[35m[ADB]&amp#27;[39m Getting IDs of all 'io.appium.settings' processes
[debug] &amp#27;[35m[ADB]&amp#27;[39m Running 'C:\Users\ANANTHAROOBAN\AppData\Local\Android\Sdk\platform-tools\adb.exe -P 5037 -s emulator-5554 shell 'pgrep --help; echo $?''
[debug] &amp#27;[35m[ADB]&amp#27;[39m Running 'C:\Users\ANANTHAROOBAN\AppData\Local\Android\Sdk\platform-tools\adb.exe -P 5037 -s emulator-5554 shell pgrep -f io\\.appium\\.settings'
[debug] &amp#27;[35m[AndroidDriver]&amp#27;[39m io.appium.settings is already running. There is no need to reset its permissions.
[debug] &amp#27;[35m[ADB]&amp#27;[39m Running 'C:\Users\ANANTHAROOBAN\AppData\Local\Android\Sdk\platform-tools\adb.exe -P 5037 -s emulator-5554 shell appops set io.appium.settings android\:mock_location allow'
[debug] &amp#27;[35m[Logcat]&amp#27;[39m Starting logcat capture
[debug] &amp#27;[35m[UiAutomator2]&amp#27;[39m Forwarding UiAutomator2 Server port 6790 to 8215
[debug] &amp#27;[35m[ADB]&amp#27;[39m Forwarding system: 8215 to device: 6790
[debug] &amp#27;[35m[ADB]&amp#27;[39m Running 'C:\Users\ANANTHAROOBAN\AppData\Local\Android\Sdk\platform-tools\adb.exe -P 5037 -s emulator-5554 forward tcp\:8215 tcp\:6790'
[debug] &amp#27;[35m[ADB]&amp#27;[39m Getting install status for io.appium.uiautomator2.server
[debug] &amp#27;[35m[ADB]&amp#27;[39m Running 'C:\Users\ANANTHAROOBAN\AppData\Local\Android\Sdk\platform-tools\adb.exe -P 5037 -s emulator-5554 shell dumpsys package io.appium.uiautomator2.server'
[debug] &amp#27;[35m[ADB]&amp#27;[39m 'io.appium.uiautomator2.server' is installed
[debug] &amp#27;[35m[ADB]&amp#27;[39m Getting package info for 'io.appium.uiautomator2.server'
[debug] &amp#27;[35m[ADB]&amp#27;[39m Running 'C:\Users\ANANTHAROOBAN\AppData\Local\Android\Sdk\platform-tools\adb.exe -P 5037 -s emulator-5554 shell dumpsys package io.appium.uiautomator2.server'
[debug] &amp#27;[35m[ADB]&amp#27;[39m The version name of the installed 'io.appium.uiautomator2.server' is greater or equal to the application version name ('4.5.5' >= '4.5.5')
[debug] &amp#27;[35m[UiAutomator2]&amp#27;[39m io.appium.uiautomator2.server installation state: sameVersionInstalled
[debug] &amp#27;[35m[ADB]&amp#27;[39m Checking app cert for C:\Users\ANANTHAROOBAN\AppData\Roaming\npm\node_modules\appium\node_modules\appium-uiautomator2-server\apks\appium-uiautomator2-server-v4.5.5.apk
&amp#27;[35m[ADB]&amp#27;[39m Using 'apksigner.jar' from 'C:\Users\ANANTHAROOBAN\AppData\Local\Android\Sdk\build-tools\29.0.3\lib\apksigner.jar'
[debug] &amp#27;[35m[ADB]&amp#27;[39m Starting apksigner: 'C:\\Program Files\\Java\\jdk1.8.0_241\\bin\\java.exe' -Xmx1024M -Xss1m -jar C:\\Users\\ANANTHAROOBAN\\AppData\\Local\\Android\\Sdk\\build-tools\\29.0.3\\lib\\apksigner.jar verify --print-certs C:\\Users\\ANANTHAROOBAN\\AppData\\Roaming\\npm\\node_modules\\appium\\node_modules\\appium-uiautomator2-server\\apks\\appium-uiautomator2-server-v4.5.5.apk
[debug] &amp#27;[35m[ADB]&amp#27;[39m apksigner stdout: Signer #1 certificate DN: EMAILADDRESS=android@android.com, CN=Android, OU=Android, O=Android, L=Mountain View, ST=California, C=US
[debug] &amp#27;[35m[ADB]&amp#27;[39m Signer #1 certificate SHA-256 digest: a40da80a59d170caa950cf15c18c454d47a39b26989d8b640ecd745ba71bf5dc
[debug] &amp#27;[35m[ADB]&amp#27;[39m Signer #1 certificate SHA-1 digest: 61ed377e85d386a8dfee6b864bd85b0bfaa5af81
[debug] &amp#27;[35m[ADB]&amp#27;[39m Signer #1 certificate MD5 digest: e89b158e4bcf988ebd09eb83f5378e87
[debug] &amp#27;[35m[ADB]&amp#27;[39m 
[debug] &amp#27;[35m[ADB]&amp#27;[39m 'C:\Users\ANANTHAROOBAN\AppData\Roaming\npm\node_modules\appium\node_modules\appium-uiautomator2-server\apks\appium-uiautomator2-server-v4.5.5.apk' is signed with the default certificate
[debug] &amp#27;[35m[ADB]&amp#27;[39m Getting install status for io.appium.uiautomator2.server.test
[debug] &amp#27;[35m[ADB]&amp#27;[39m Running 'C:\Users\ANANTHAROOBAN\AppData\Local\Android\Sdk\platform-tools\adb.exe -P 5037 -s emulator-5554 shell dumpsys package io.appium.uiautomator2.server.test'
[debug] &amp#27;[35m[ADB]&amp#27;[39m 'io.appium.uiautomator2.server.test' is installed
[debug] &amp#27;[35m[ADB]&amp#27;[39m Checking app cert for C:\Users\ANANTHAROOBAN\AppData\Roaming\npm\node_modules\appium\node_modules\appium-uiautomator2-server\apks\appium-uiautomator2-server-debug-androidTest.apk
[debug] &amp#27;[35m[ADB]&amp#27;[39m Starting apksigner: 'C:\\Program Files\\Java\\jdk1.8.0_241\\bin\\java.exe' -Xmx1024M -Xss1m -jar C:\\Users\\ANANTHAROOBAN\\AppData\\Local\\Android\\Sdk\\build-tools\\29.0.3\\lib\\apksigner.jar verify --print-certs C:\\Users\\ANANTHAROOBAN\\AppData\\Roaming\\npm\\node_modules\\appium\\node_modules\\appium-uiautomator2-server\\apks\\appium-uiautomator2-server-debug-androidTest.apk
[debug] &amp#27;[35m[ADB]&amp#27;[39m apksigner stdout: Signer #1 certificate DN: EMAILADDRESS=android@android.com, CN=Android, OU=Android, O=Android, L=Mountain View, ST=California, C=US
[debug] &amp#27;[35m[ADB]&amp#27;[39m Signer #1 certificate SHA-256 digest: a40da80a59d170caa950cf15c18c454d47a39b26989d8b640ecd745ba71bf5dc
[debug] &amp#27;[35m[ADB]&amp#27;[39m Signer #1 certificate SHA-1 digest: 61ed377e85d386a8dfee6b864bd85b0bfaa5af81
[debug] &amp#27;[35m[ADB]&amp#27;[39m Signer #1 certificate MD5 digest: e89b158e4bcf988ebd09eb83f5378e87
[debug] &amp#27;[35m[ADB]&amp#27;[39m 
[debug] &amp#27;[35m[ADB]&amp#27;[39m 'C:\Users\ANANTHAROOBAN\AppData\Roaming\npm\node_modules\appium\node_modules\appium-uiautomator2-server\apks\appium-uiautomator2-server-debug-androidTest.apk' is signed with the default certificate
&amp#27;[35m[UiAutomator2]&amp#27;[39m Server packages are not going to be (re)installed
[debug] &amp#27;[35m[UiAutomator2]&amp#27;[39m Waiting up to 30000ms for services to be available
[debug] &amp#27;[35m[ADB]&amp#27;[39m Running 'C:\Users\ANANTHAROOBAN\AppData\Local\Android\Sdk\platform-tools\adb.exe -P 5037 -s emulator-5554 shell pm list instrumentation'
[debug] &amp#27;[35m[UiAutomator2]&amp#27;[39m Instrumentation target 'io.appium.uiautomator2.server.test/androidx.test.runner.AndroidJUnitRunner' is available
[debug] &amp#27;[35m[ADB]&amp#27;[39m Checking app cert for D:\AppiumTutorial\Projects\AppiumFramework\src\General-Store.apk
[debug] &amp#27;[35m[ADB]&amp#27;[39m Starting apksigner: 'C:\\Program Files\\Java\\jdk1.8.0_241\\bin\\java.exe' -Xmx1024M -Xss1m -jar C:\\Users\\ANANTHAROOBAN\\AppData\\Local\\Android\\Sdk\\build-tools\\29.0.3\\lib\\apksigner.jar verify --print-certs D:\\AppiumTutorial\\Projects\\AppiumFramework\\src\\General-Store.apk
[debug] &amp#27;[35m[ADB]&amp#27;[39m apksigner stdout: Signer #1 certificate DN: EMAILADDRESS=android@android.com, CN=Android, OU=Android, O=Android, L=Mountain View, ST=California, C=US
[debug] &amp#27;[35m[ADB]&amp#27;[39m Signer #1 certificate SHA-256 digest: a40da80a59d170caa950cf15c18c454d47a39b26989d8b640ecd745ba71bf5dc
[debug] &amp#27;[35m[ADB]&amp#27;[39m Signer #1 certificate SHA-1 digest: 61ed377e85d386a8dfee6b864bd85b0bfaa5af81
[debug] &amp#27;[35m[ADB]&amp#27;[39m Signer #1 certificate MD5 digest: e89b158e4bcf988ebd09eb83f5378e87
[debug] &amp#27;[35m[ADB]&amp#27;[39m 
[debug] &amp#27;[35m[ADB]&amp#27;[39m 'D:\AppiumTutorial\Projects\AppiumFramework\src\General-Store.apk' is signed with the default certificate
[debug] &amp#27;[35m[ADB]&amp#27;[39m Getting install status for com.androidsample.generalstore
[debug] &amp#27;[35m[ADB]&amp#27;[39m Running 'C:\Users\ANANTHAROOBAN\AppData\Local\Android\Sdk\platform-tools\adb.exe -P 5037 -s emulator-5554 shell dumpsys package com.androidsample.generalstore'
[debug] &amp#27;[35m[ADB]&amp#27;[39m 'com.androidsample.generalstore' is installed
[debug] &amp#27;[35m[ADB]&amp#27;[39m Getting package info for 'com.androidsample.generalstore'
[debug] &amp#27;[35m[ADB]&amp#27;[39m Running 'C:\Users\ANANTHAROOBAN\AppData\Local\Android\Sdk\platform-tools\adb.exe -P 5037 -s emulator-5554 shell dumpsys package com.androidsample.generalstore'
[debug] &amp#27;[35m[ADB]&amp#27;[39m The version name of the installed 'com.androidsample.generalstore' is greater or equal to the application version name ('1.0.0' >= '1.0.0')
[debug] &amp#27;[35m[ADB]&amp#27;[39m There is no need to install/upgrade 'D:\AppiumTutorial\Projects\AppiumFramework\src\General-Store.apk'
&amp#27;[35m[AndroidDriver]&amp#27;[39m Performing fast reset on 'com.androidsample.generalstore'
[debug] &amp#27;[35m[ADB]&amp#27;[39m Getting install status for com.androidsample.generalstore
[debug] &amp#27;[35m[ADB]&amp#27;[39m Running 'C:\Users\ANANTHAROOBAN\AppData\Local\Android\Sdk\platform-tools\adb.exe -P 5037 -s emulator-5554 shell dumpsys package com.androidsample.generalstore'
[debug] &amp#27;[35m[ADB]&amp#27;[39m 'com.androidsample.generalstore' is installed
[debug] &amp#27;[35m[ADB]&amp#27;[39m Running 'C:\Users\ANANTHAROOBAN\AppData\Local\Android\Sdk\platform-tools\adb.exe -P 5037 -s emulator-5554 shell am force-stop com.androidsample.generalstore'
[debug] &amp#27;[35m[ADB]&amp#27;[39m Running 'C:\Users\ANANTHAROOBAN\AppData\Local\Android\Sdk\platform-tools\adb.exe -P 5037 -s emulator-5554 shell pm clear com.androidsample.generalstore'
[debug] &amp#27;[35m[AndroidDriver]&amp#27;[39m Performed fast reset on the installed 'com.androidsample.generalstore' application (stop and clear)
[debug] &amp#27;[35m[UiAutomator2]&amp#27;[39m Performing shallow cleanup of automation leftovers
[debug] &amp#27;[35m[UiAutomator2]&amp#27;[39m The following obsolete sessions are still running: ["eb3921d7-676e-4da8-9336-0f1d1efdc6bd"]
[debug] &amp#27;[35m[UiAutomator2]&amp#27;[39m Cleaning up the obsolete sessions
[debug] &amp#27;[35m[ADB]&amp#27;[39m Running 'C:\Users\ANANTHAROOBAN\AppData\Local\Android\Sdk\platform-tools\adb.exe -P 5037 -s emulator-5554 shell am force-stop io.appium.uiautomator2.server.test'
&amp#27;[35m[UiAutomator2]&amp#27;[39m Starting UIAutomator2 server 4.5.5
&amp#27;[35m[UiAutomator2]&amp#27;[39m Using UIAutomator2 server from 'C:\Users\ANANTHAROOBAN\AppData\Roaming\npm\node_modules\appium\node_modules\appium-uiautomator2-server\apks\appium-uiautomator2-server-v4.5.5.apk' and test from 'C:\Users\ANANTHAROOBAN\AppData\Roaming\npm\node_modules\appium\node_modules\appium-uiautomator2-server\apks\appium-uiautomator2-server-debug-androidTest.apk'
&amp#27;[35m[UiAutomator2]&amp#27;[39m Waiting up to 30000ms for UiAutomator2 to be online...
[debug] &amp#27;[35m[ADB]&amp#27;[39m Creating ADB subprocess with args: ["-P",5037,"-s","emulator-5554","shell","am","instrument","-w","io.appium.uiautomator2.server.test/androidx.test.runner.AndroidJUnitRunner"]
[debug] &amp#27;[35m[Instrumentation]&amp#27;[39m io.appium.uiautomator2.server.test.AppiumUiAutomator2Server:
[debug] &amp#27;[35m[WD Proxy]&amp#27;[39m Matched '/status' to command name 'getStatus'
[debug] &amp#27;[35m[WD Proxy]&amp#27;[39m Proxying [GET /status] to [GET http://127.0.0.1:8215/wd/hub/status] with no body
&amp#27;[35m[WD Proxy]&amp#27;[39m Got response with unknown status: {"code":"ECONNRESET"}
[debug] &amp#27;[35m[WD Proxy]&amp#27;[39m Matched '/status' to command name 'getStatus'
[debug] &amp#27;[35m[WD Proxy]&amp#27;[39m Proxying [GET /status] to [GET http://127.0.0.1:8215/wd/hub/status] with no body
&amp#27;[35m[WD Proxy]&amp#27;[39m Got response with unknown status: {"code":"ECONNRESET"}
[debug] &amp#27;[35m[WD Proxy]&amp#27;[39m Matched '/status' to command name 'getStatus'
[debug] &amp#27;[35m[WD Proxy]&amp#27;[39m Proxying [GET /status] to [GET http://127.0.0.1:8215/wd/hub/status] with no body
[debug] &amp#27;[35m[WD Proxy]&amp#27;[39m Got response with status 200: {"sessionId":"None","value":{"ready":true,"message":"UiAutomator2 Server is ready to accept commands"}}
[debug] &amp#27;[35m[UiAutomator2]&amp#27;[39m The initialization of the instrumentation process took 3122ms
[debug] &amp#27;[35m[WD Proxy]&amp#27;[39m Matched '/session' to command name 'createSession'
[debug] &amp#27;[35m[WD Proxy]&amp#27;[39m Proxying [POST /session] to [POST http://127.0.0.1:8215/wd/hub/session] with body: {"capabilities":{"firstMatch":[{"platform":"LINUX","webStorageEnabled":false,"takesScreenshot":true,"javascriptEnabled":true,"databaseEnabled":false,"networkConnectionEnabled":true,"locationContextEnabled":false,"warnings":{},"desired":{"platformName":"android","app":"D:\\AppiumTutorial\\Projects\\AppiumFramework\\src\\General-Store.apk","automationName":"Uiautomator2","chromedriverExecutable":"D:\\AppiumTutorial\\Projects\\Introduction\\BrowserDriver\\Google\\chromedriver.exe","deviceName":"Nexus5XPie9Emulator","newCommandTimeout":15},"platformName":"android","app":"D:\\AppiumTutorial\\Projects\\AppiumFramework\\src\\General-Store.apk","automationName":"Uiautomator2","chromedriverExecutable":"D:\\AppiumTutorial\\Projects\\Introduction\\BrowserDriver\\Google\\chromedriver.exe","deviceName":"emulator-5554","newCommandTimeout":15,"deviceUDID":"emulator-5554","appPackage":"com.androidsample.generalstore"}],"alwaysMatch":{}}}
[debug] &amp#27;[35m[WD Proxy]&amp#27;[39m Got response with status 200: {"sessionId":"d67f93d4-068a-4627-a64d-e0d2787506f4","value":{"sessionId":"d67f93d4-068a-4627-a64d-e0d2787506f4","capabilities":{"firstMatch":[{"platform":"LINUX","webStorageEnabled":false,"takesScreenshot":true,"javascriptEnabled":true,"databaseEnabled":false,"networkConnectionEnabled":true,"locationContextEnabled":false,"warnings":{},"desired":{"platformName":"android","app":"D:\\AppiumTutorial\\Projects\\AppiumFramework\\src\\General-Store.apk","automationName":"Uiautomator2","chromedriverExecutable":"D:\\AppiumTutorial\\Projects\\Introduction\\BrowserDriver\\Google\\chromedriver.exe","deviceName":"Nexus5XPie9Emulator","newCommandTimeout":15},"platformName":"android","app":"D:\\AppiumTutorial\\Projects\\AppiumFramework\\src\\General-Store.apk","automationName":"Uiautomator2","chromedriverExecutable":"D:\\AppiumTutorial\\Projects\\Introduction\\BrowserDriver\\Google\\chromedriver.exe","deviceName":"emulator-5554","newCommandTimeout":15,"deviceUDID":"emulator-5554","appPackage":"com.androidsample.generalst...
&amp#27;[35m[WD Proxy]&amp#27;[39m Determined the downstream protocol as 'W3C'
[debug] &amp#27;[35m[WD Proxy]&amp#27;[39m Proxying [GET /appium/device/info] to [GET http://127.0.0.1:8215/wd/hub/session/d67f93d4-068a-4627-a64d-e0d2787506f4/appium/device/info] with no body
[debug] &amp#27;[35m[WD Proxy]&amp#27;[39m Got response with status 200: {"sessionId":"d67f93d4-068a-4627-a64d-e0d2787506f4","value":{"androidId":"bd81ae029876c0c2","manufacturer":"Google","model":"AOSP on IA Emulator","brand":"google","apiVersion":"28","platformVersion":"9","carrierName":"Android","realDisplaySize":"1080x1920","displayDensity":420,"networks":[{"type":1,"typeName":"WIFI","subtype":0,"subtypeName":"","isConnected":true,"detailedState":"CONNECTED","state":"CONNECTED","extraInfo":null,"isAvailable":true,"isFailover":false,"isRoaming":false,"capabilities":{"transportTypes":"TRANSPORT_WIFI","networkCapabilities":"NET_CAPABILITY_NOT_METERED,NET_CAPABILITY_INTERNET,NET_CAPABILITY_NOT_RESTRICTED,NET_CAPABILITY_TRUSTED,NET_CAPABILITY_NOT_VPN,NET_CAPABILITY_VALIDATED,NET_CAPABILITY_NOT_ROAMING,NET_CAPABILITY_FOREGROUND,NET_CAPABILITY_NOT_CONGESTED,NET_CAPABILITY_NOT_SUSPENDED","linkUpstreamBandwidthKbps":1048576,"linkDownBandwidthKbps":1048576,"signalStrength":-50,"networkSpecifier":null,"SSID":null}},{"type":0,"typeName":"MOBILE","subtype":13,"subtypeName":"LTE","isConn...
[debug] &amp#27;[35m[ADB]&amp#27;[39m Running 'C:\Users\ANANTHAROOBAN\AppData\Local\Android\Sdk\platform-tools\adb.exe -P 5037 -s emulator-5554 shell dumpsys window'
&amp#27;[35m[AndroidDriver]&amp#27;[39m Screen already unlocked, doing nothing
&amp#27;[35m[UiAutomator2]&amp#27;[39m Starting 'com.androidsample.generalstore/com.androidsample.generalstore.SplashActivity and waiting for 'com.androidsample.generalstore/com.androidsample.generalstore.SplashActivity'
[debug] &amp#27;[35m[ADB]&amp#27;[39m Running 'C:\Users\ANANTHAROOBAN\AppData\Local\Android\Sdk\platform-tools\adb.exe -P 5037 -s emulator-5554 shell am start -W -n com.androidsample.generalstore/com.androidsample.generalstore.SplashActivity -S -a android.intent.action.MAIN -c android.intent.category.LAUNCHER -f 0x10200000'
[debug] &amp#27;[35m[ADB]&amp#27;[39m Waiting up to 20000ms for activity matching pkg: 'com.androidsample.generalstore' and activity: 'com.androidsample.generalstore.SplashActivity' to be focused
[debug] &amp#27;[35m[ADB]&amp#27;[39m Possible activities, to be checked: 'com.androidsample.generalstore.SplashActivity', 'com.androidsample.generalstore.com.androidsample.generalstore.SplashActivity'
[debug] &amp#27;[35m[ADB]&amp#27;[39m Getting focused package and activity
[debug] &amp#27;[35m[ADB]&amp#27;[39m Running 'C:\Users\ANANTHAROOBAN\AppData\Local\Android\Sdk\platform-tools\adb.exe -P 5037 -s emulator-5554 shell dumpsys window windows'
[debug] &amp#27;[35m[ADB]&amp#27;[39m Found package: 'com.androidsample.generalstore' and fully qualified activity name : 'com.androidsample.generalstore.SplashActivity'
[debug] &amp#27;[35m[WD Proxy]&amp#27;[39m Proxying [GET /appium/device/pixel_ratio] to [GET http://127.0.0.1:8215/wd/hub/session/d67f93d4-068a-4627-a64d-e0d2787506f4/appium/device/pixel_ratio] with body: {}
[debug] &amp#27;[35m[WD Proxy]&amp#27;[39m Got response with status 200: {"sessionId":"d67f93d4-068a-4627-a64d-e0d2787506f4","value":2.625}
[debug] &amp#27;[35m[WD Proxy]&amp#27;[39m Matched '/appium/device/system_bars' to command name 'getSystemBars'
[debug] &amp#27;[35m[WD Proxy]&amp#27;[39m Proxying [GET /appium/device/system_bars] to [GET http://127.0.0.1:8215/wd/hub/session/d67f93d4-068a-4627-a64d-e0d2787506f4/appium/device/system_bars] with body: {}
[debug] &amp#27;[35m[WD Proxy]&amp#27;[39m Got response with status 200: {"sessionId":"d67f93d4-068a-4627-a64d-e0d2787506f4","value":{"statusBar":63}}
[debug] &amp#27;[35m[WD Proxy]&amp#27;[39m Matched '/window/current/size' to command name 'getWindowSize'
[debug] &amp#27;[35m[WD Proxy]&amp#27;[39m Proxying [GET /window/current/size] to [GET http://127.0.0.1:8215/wd/hub/session/d67f93d4-068a-4627-a64d-e0d2787506f4/window/current/size] with body: {}
[debug] &amp#27;[35m[WD Proxy]&amp#27;[39m Got response with status 200: {"sessionId":"d67f93d4-068a-4627-a64d-e0d2787506f4","value":{"height":1794,"width":1080}}
&amp#27;[35m[Appium]&amp#27;[39m New AndroidUiautomator2Driver session created successfully, session 96bdc753-10df-4008-9717-9af196ea7a09 added to master session list
[debug] &amp#27;[35m[BaseDriver]&amp#27;[39m Event 'newSessionStarted' logged at 1592836583179 (22:36:23 GMT+0800 (Malaysia Time))
[debug] &amp#27;[35m[W3C (96bdc753)]&amp#27;[39m Cached the protocol value 'W3C' for the new session 96bdc753-10df-4008-9717-9af196ea7a09
[debug] &amp#27;[35m[W3C (96bdc753)]&amp#27;[39m Responding to client with driver.createSession() result: {"capabilities":{"platform":"LINUX","webStorageEnabled":false,"takesScreenshot":true,"javascriptEnabled":true,"databaseEnabled":false,"networkConnectionEnabled":true,"locationContextEnabled":false,"warnings":{},"desired":{"platformName":"android","app":"D:\\AppiumTutorial\\Projects\\AppiumFramework\\src\\General-Store.apk","automationName":"Uiautomator2","chromedriverExecutable":"D:\\AppiumTutorial\\Projects\\Introduction\\BrowserDriver\\Google\\chromedriver.exe","deviceName":"Nexus5XPie9Emulator","newCommandTimeout":15},"platformName":"android","app":"D:\\AppiumTutorial\\Projects\\AppiumFramework\\src\\General-Store.apk","automationName":"Uiautomator2","chromedriverExecutable":"D:\\AppiumTutorial\\Projects\\Introduction\\BrowserDriver\\Google\\chromedriver.exe","deviceName":"emulator-5554","newCommandTimeout":15,"deviceUDID":"emulator-5554","appPackage":"com.androidsample.generalstore","deviceApiLevel":28,"platformVersion":"9","deviceScreenSize":"1080x1920","deviceScreenDensity":420,"deviceModel":"AOSP on...
&amp#27;[35m[HTTP]&amp#27;[39m &amp#27;[37m<-- POST /wd/hub/session &amp#27;[39m&amp#27;[32m200&amp#27;[39m &amp#27;[90m8995 ms - 1227&amp#27;[39m
&amp#27;[35m[HTTP]&amp#27;[39m &amp#27;[90m&amp#27;[39m
&amp#27;[35m[HTTP]&amp#27;[39m &amp#27;[37m-->&amp#27;[39m &amp#27;[37mGET&amp#27;[39m &amp#27;[37m/wd/hub/session/96bdc753-10df-4008-9717-9af196ea7a09&amp#27;[39m
&amp#27;[35m[HTTP]&amp#27;[39m &amp#27;[90m{}&amp#27;[39m
[debug] &amp#27;[35m[W3C (96bdc753)]&amp#27;[39m Calling AppiumDriver.getSession() with args: ["96bdc753-10df-4008-9717-9af196ea7a09"]
[debug] &amp#27;[35m[UiAutomator2]&amp#27;[39m Getting session details from server to mix in
[debug] &amp#27;[35m[WD Proxy]&amp#27;[39m Matched '/' to command name 'getSession'
[debug] &amp#27;[35m[WD Proxy]&amp#27;[39m Proxying [GET /] to [GET http://127.0.0.1:8215/wd/hub/session/d67f93d4-068a-4627-a64d-e0d2787506f4] with body: {}
[debug] &amp#27;[35m[WD Proxy]&amp#27;[39m Got response with status 200: {"sessionId":"d67f93d4-068a-4627-a64d-e0d2787506f4","value":{}}
[debug] &amp#27;[35m[W3C (96bdc753)]&amp#27;[39m Responding to client with driver.getSession() result: {"platform":"LINUX","webStorageEnabled":false,"takesScreenshot":true,"javascriptEnabled":true,"databaseEnabled":false,"networkConnectionEnabled":true,"locationContextEnabled":false,"warnings":{},"desired":{"platformName":"android","app":"D:\\AppiumTutorial\\Projects\\AppiumFramework\\src\\General-Store.apk","automationName":"Uiautomator2","chromedriverExecutable":"D:\\AppiumTutorial\\Projects\\Introduction\\BrowserDriver\\Google\\chromedriver.exe","deviceName":"Nexus5XPie9Emulator","newCommandTimeout":15},"platformName":"android","app":"D:\\AppiumTutorial\\Projects\\AppiumFramework\\src\\General-Store.apk","automationName":"Uiautomator2","chromedriverExecutable":"D:\\AppiumTutorial\\Projects\\Introduction\\BrowserDriver\\Google\\chromedriver.exe","deviceName":"emulator-5554","newCommandTimeout":15,"deviceUDID":"emulator-5554","appPackage":"com.androidsample.generalstore","deviceApiLevel":28,"platformVersion":"9","deviceScreenSize":"1080x1920","deviceScreenDensity":420,"deviceModel":"AOSP on IA Emulator","d...
&amp#27;[35m[HTTP]&amp#27;[39m &amp#27;[37m<-- GET /wd/hub/session/96bdc753-10df-4008-9717-9af196ea7a09 &amp#27;[39m&amp#27;[32m200&amp#27;[39m &amp#27;[90m13 ms - 1159&amp#27;[39m
&amp#27;[35m[HTTP]&amp#27;[39m &amp#27;[90m&amp#27;[39m
&amp#27;[35m[HTTP]&amp#27;[39m &amp#27;[37m-->&amp#27;[39m &amp#27;[37mGET&amp#27;[39m &amp#27;[37m/wd/hub/session/96bdc753-10df-4008-9717-9af196ea7a09&amp#27;[39m
&amp#27;[35m[HTTP]&amp#27;[39m &amp#27;[90m{}&amp#27;[39m
[debug] &amp#27;[35m[W3C (96bdc753)]&amp#27;[39m Calling AppiumDriver.getSession() with args: ["96bdc753-10df-4008-9717-9af196ea7a09"]
[debug] &amp#27;[35m[UiAutomator2]&amp#27;[39m Getting session details from server to mix in
[debug] &amp#27;[35m[WD Proxy]&amp#27;[39m Matched '/' to command name 'getSession'
[debug] &amp#27;[35m[WD Proxy]&amp#27;[39m Proxying [GET /] to [GET http://127.0.0.1:8215/wd/hub/session/d67f93d4-068a-4627-a64d-e0d2787506f4] with body: {}
[debug] &amp#27;[35m[WD Proxy]&amp#27;[39m Got response with status 200: {"sessionId":"d67f93d4-068a-4627-a64d-e0d2787506f4","value":{}}
[debug] &amp#27;[35m[W3C (96bdc753)]&amp#27;[39m Responding to client with driver.getSession() result: {"platform":"LINUX","webStorageEnabled":false,"takesScreenshot":true,"javascriptEnabled":true,"databaseEnabled":false,"networkConnectionEnabled":true,"locationContextEnabled":false,"warnings":{},"desired":{"platformName":"android","app":"D:\\AppiumTutorial\\Projects\\AppiumFramework\\src\\General-Store.apk","automationName":"Uiautomator2","chromedriverExecutable":"D:\\AppiumTutorial\\Projects\\Introduction\\BrowserDriver\\Google\\chromedriver.exe","deviceName":"Nexus5XPie9Emulator","newCommandTimeout":15},"platformName":"android","app":"D:\\AppiumTutorial\\Projects\\AppiumFramework\\src\\General-Store.apk","automationName":"Uiautomator2","chromedriverExecutable":"D:\\AppiumTutorial\\Projects\\Introduction\\BrowserDriver\\Google\\chromedriver.exe","deviceName":"emulator-5554","newCommandTimeout":15,"deviceUDID":"emulator-5554","appPackage":"com.androidsample.generalstore","deviceApiLevel":28,"platformVersion":"9","deviceScreenSize":"1080x1920","deviceScreenDensity":420,"deviceModel":"AOSP on IA Emulator","d...
&amp#27;[35m[HTTP]&amp#27;[39m &amp#27;[37m<-- GET /wd/hub/session/96bdc753-10df-4008-9717-9af196ea7a09 &amp#27;[39m&amp#27;[32m200&amp#27;[39m &amp#27;[90m13 ms - 1159&amp#27;[39m
&amp#27;[35m[HTTP]&amp#27;[39m &amp#27;[90m&amp#27;[39m
&amp#27;[35m[HTTP]&amp#27;[39m &amp#27;[37m-->&amp#27;[39m &amp#27;[37mPOST&amp#27;[39m &amp#27;[37m/wd/hub/session/96bdc753-10df-4008-9717-9af196ea7a09/timeouts&amp#27;[39m
&amp#27;[35m[HTTP]&amp#27;[39m &amp#27;[90m{"implicit":10000}&amp#27;[39m
[debug] &amp#27;[35m[W3C (96bdc753)]&amp#27;[39m Calling AppiumDriver.timeouts() with args: [null,null,null,null,10000,"96bdc753-10df-4008-9717-9af196ea7a09"]
[debug] &amp#27;[35m[BaseDriver]&amp#27;[39m W3C timeout argument: {"implicit":10000}}
[debug] &amp#27;[35m[BaseDriver]&amp#27;[39m Set implicit wait to 10000ms
[debug] &amp#27;[35m[W3C (96bdc753)]&amp#27;[39m Responding to client with driver.timeouts() result: null
&amp#27;[35m[HTTP]&amp#27;[39m &amp#27;[37m<-- POST /wd/hub/session/96bdc753-10df-4008-9717-9af196ea7a09/timeouts &amp#27;[39m&amp#27;[32m200&amp#27;[39m &amp#27;[90m5 ms - 14&amp#27;[39m
&amp#27;[35m[HTTP]&amp#27;[39m &amp#27;[90m&amp#27;[39m
&amp#27;[35m[HTTP]&amp#27;[39m &amp#27;[37m-->&amp#27;[39m &amp#27;[37mPOST&amp#27;[39m &amp#27;[37m/wd/hub/session/96bdc753-10df-4008-9717-9af196ea7a09/timeouts&amp#27;[39m
&amp#27;[35m[HTTP]&amp#27;[39m &amp#27;[90m{"implicit":10000}&amp#27;[39m
[debug] &amp#27;[35m[W3C (96bdc753)]&amp#27;[39m Calling AppiumDriver.timeouts() with args: [null,null,null,null,10000,"96bdc753-10df-4008-9717-9af196ea7a09"]
[debug] &amp#27;[35m[BaseDriver]&amp#27;[39m W3C timeout argument: {"implicit":10000}}
[debug] &amp#27;[35m[BaseDriver]&amp#27;[39m Set implicit wait to 10000ms
[debug] &amp#27;[35m[W3C (96bdc753)]&amp#27;[39m Responding to client with driver.timeouts() result: null
&amp#27;[35m[HTTP]&amp#27;[39m &amp#27;[37m<-- POST /wd/hub/session/96bdc753-10df-4008-9717-9af196ea7a09/timeouts &amp#27;[39m&amp#27;[32m200&amp#27;[39m &amp#27;[90m3 ms - 14&amp#27;[39m
&amp#27;[35m[HTTP]&amp#27;[39m &amp#27;[90m&amp#27;[39m
&amp#27;[35m[HTTP]&amp#27;[39m &amp#27;[37m-->&amp#27;[39m &amp#27;[37mGET&amp#27;[39m &amp#27;[37m/wd/hub/session/96bdc753-10df-4008-9717-9af196ea7a09&amp#27;[39m
&amp#27;[35m[HTTP]&amp#27;[39m &amp#27;[90m{}&amp#27;[39m
[debug] &amp#27;[35m[W3C (96bdc753)]&amp#27;[39m Calling AppiumDriver.getSession() with args: ["96bdc753-10df-4008-9717-9af196ea7a09"]
[debug] &amp#27;[35m[UiAutomator2]&amp#27;[39m Getting session details from server to mix in
[debug] &amp#27;[35m[WD Proxy]&amp#27;[39m Matched '/' to command name 'getSession'
[debug] &amp#27;[35m[WD Proxy]&amp#27;[39m Proxying [GET /] to [GET http://127.0.0.1:8215/wd/hub/session/d67f93d4-068a-4627-a64d-e0d2787506f4] with body: {}
[debug] &amp#27;[35m[WD Proxy]&amp#27;[39m Got response with status 200: {"sessionId":"d67f93d4-068a-4627-a64d-e0d2787506f4","value":{}}
[debug] &amp#27;[35m[W3C (96bdc753)]&amp#27;[39m Responding to client with driver.getSession() result: {"platform":"LINUX","webStorageEnabled":false,"takesScreenshot":true,"javascriptEnabled":true,"databaseEnabled":false,"networkConnectionEnabled":true,"locationContextEnabled":false,"warnings":{},"desired":{"platformName":"android","app":"D:\\AppiumTutorial\\Projects\\AppiumFramework\\src\\General-Store.apk","automationName":"Uiautomator2","chromedriverExecutable":"D:\\AppiumTutorial\\Projects\\Introduction\\BrowserDriver\\Google\\chromedriver.exe","deviceName":"Nexus5XPie9Emulator","newCommandTimeout":15},"platformName":"android","app":"D:\\AppiumTutorial\\Projects\\AppiumFramework\\src\\General-Store.apk","automationName":"Uiautomator2","chromedriverExecutable":"D:\\AppiumTutorial\\Projects\\Introduction\\BrowserDriver\\Google\\chromedriver.exe","deviceName":"emulator-5554","newCommandTimeout":15,"deviceUDID":"emulator-5554","appPackage":"com.androidsample.generalstore","deviceApiLevel":28,"platformVersion":"9","deviceScreenSize":"1080x1920","deviceScreenDensity":420,"deviceModel":"AOSP on IA Emulator","d...
&amp#27;[35m[HTTP]&amp#27;[39m &amp#27;[37m<-- GET /wd/hub/session/96bdc753-10df-4008-9717-9af196ea7a09 &amp#27;[39m&amp#27;[32m200&amp#27;[39m &amp#27;[90m23 ms - 1159&amp#27;[39m
&amp#27;[35m[HTTP]&amp#27;[39m &amp#27;[90m&amp#27;[39m
&amp#27;[35m[HTTP]&amp#27;[39m &amp#27;[37m-->&amp#27;[39m &amp#27;[37mGET&amp#27;[39m &amp#27;[37m/wd/hub/session/96bdc753-10df-4008-9717-9af196ea7a09&amp#27;[39m
&amp#27;[35m[HTTP]&amp#27;[39m &amp#27;[90m{}&amp#27;[39m
[debug] &amp#27;[35m[W3C (96bdc753)]&amp#27;[39m Calling AppiumDriver.getSession() with args: ["96bdc753-10df-4008-9717-9af196ea7a09"]
[debug] &amp#27;[35m[UiAutomator2]&amp#27;[39m Getting session details from server to mix in
[debug] &amp#27;[35m[WD Proxy]&amp#27;[39m Matched '/' to command name 'getSession'
[debug] &amp#27;[35m[WD Proxy]&amp#27;[39m Proxying [GET /] to [GET http://127.0.0.1:8215/wd/hub/session/d67f93d4-068a-4627-a64d-e0d2787506f4] with body: {}
[debug] &amp#27;[35m[WD Proxy]&amp#27;[39m Got response with status 200: {"sessionId":"d67f93d4-068a-4627-a64d-e0d2787506f4","value":{}}
[debug] &amp#27;[35m[W3C (96bdc753)]&amp#27;[39m Responding to client with driver.getSession() result: {"platform":"LINUX","webStorageEnabled":false,"takesScreenshot":true,"javascriptEnabled":true,"databaseEnabled":false,"networkConnectionEnabled":true,"locationContextEnabled":false,"warnings":{},"desired":{"platformName":"android","app":"D:\\AppiumTutorial\\Projects\\AppiumFramework\\src\\General-Store.apk","automationName":"Uiautomator2","chromedriverExecutable":"D:\\AppiumTutorial\\Projects\\Introduction\\BrowserDriver\\Google\\chromedriver.exe","deviceName":"Nexus5XPie9Emulator","newCommandTimeout":15},"platformName":"android","app":"D:\\AppiumTutorial\\Projects\\AppiumFramework\\src\\General-Store.apk","automationName":"Uiautomator2","chromedriverExecutable":"D:\\AppiumTutorial\\Projects\\Introduction\\BrowserDriver\\Google\\chromedriver.exe","deviceName":"emulator-5554","newCommandTimeout":15,"deviceUDID":"emulator-5554","appPackage":"com.androidsample.generalstore","deviceApiLevel":28,"platformVersion":"9","deviceScreenSize":"1080x1920","deviceScreenDensity":420,"deviceModel":"AOSP on IA Emulator","d...
&amp#27;[35m[HTTP]&amp#27;[39m &amp#27;[37m<-- GET /wd/hub/session/96bdc753-10df-4008-9717-9af196ea7a09 &amp#27;[39m&amp#27;[32m200&amp#27;[39m &amp#27;[90m10 ms - 1159&amp#27;[39m
&amp#27;[35m[HTTP]&amp#27;[39m &amp#27;[90m&amp#27;[39m
&amp#27;[35m[HTTP]&amp#27;[39m &amp#27;[37m-->&amp#27;[39m &amp#27;[37mGET&amp#27;[39m &amp#27;[37m/wd/hub/session/96bdc753-10df-4008-9717-9af196ea7a09&amp#27;[39m
&amp#27;[35m[HTTP]&amp#27;[39m &amp#27;[90m{}&amp#27;[39m
[debug] &amp#27;[35m[W3C (96bdc753)]&amp#27;[39m Calling AppiumDriver.getSession() with args: ["96bdc753-10df-4008-9717-9af196ea7a09"]
[debug] &amp#27;[35m[UiAutomator2]&amp#27;[39m Getting session details from server to mix in
[debug] &amp#27;[35m[WD Proxy]&amp#27;[39m Matched '/' to command name 'getSession'
[debug] &amp#27;[35m[WD Proxy]&amp#27;[39m Proxying [GET /] to [GET http://127.0.0.1:8215/wd/hub/session/d67f93d4-068a-4627-a64d-e0d2787506f4] with body: {}
[debug] &amp#27;[35m[WD Proxy]&amp#27;[39m Got response with status 200: {"sessionId":"d67f93d4-068a-4627-a64d-e0d2787506f4","value":{}}
[debug] &amp#27;[35m[W3C (96bdc753)]&amp#27;[39m Responding to client with driver.getSession() result: {"platform":"LINUX","webStorageEnabled":false,"takesScreenshot":true,"javascriptEnabled":true,"databaseEnabled":false,"networkConnectionEnabled":true,"locationContextEnabled":false,"warnings":{},"desired":{"platformName":"android","app":"D:\\AppiumTutorial\\Projects\\AppiumFramework\\src\\General-Store.apk","automationName":"Uiautomator2","chromedriverExecutable":"D:\\AppiumTutorial\\Projects\\Introduction\\BrowserDriver\\Google\\chromedriver.exe","deviceName":"Nexus5XPie9Emulator","newCommandTimeout":15},"platformName":"android","app":"D:\\AppiumTutorial\\Projects\\AppiumFramework\\src\\General-Store.apk","automationName":"Uiautomator2","chromedriverExecutable":"D:\\AppiumTutorial\\Projects\\Introduction\\BrowserDriver\\Google\\chromedriver.exe","deviceName":"emulator-5554","newCommandTimeout":15,"deviceUDID":"emulator-5554","appPackage":"com.androidsample.generalstore","deviceApiLevel":28,"platformVersion":"9","deviceScreenSize":"1080x1920","deviceScreenDensity":420,"deviceModel":"AOSP on IA Emulator","d...
&amp#27;[35m[HTTP]&amp#27;[39m &amp#27;[37m<-- GET /wd/hub/session/96bdc753-10df-4008-9717-9af196ea7a09 &amp#27;[39m&amp#27;[32m200&amp#27;[39m &amp#27;[90m12 ms - 1159&amp#27;[39m
&amp#27;[35m[HTTP]&amp#27;[39m &amp#27;[90m&amp#27;[39m
&amp#27;[35m[HTTP]&amp#27;[39m &amp#27;[37m-->&amp#27;[39m &amp#27;[37mPOST&amp#27;[39m &amp#27;[37m/wd/hub/session/96bdc753-10df-4008-9717-9af196ea7a09/element&amp#27;[39m
&amp#27;[35m[HTTP]&amp#27;[39m &amp#27;[90m{"using":"id","value":"android:id/text1"}&amp#27;[39m
[debug] &amp#27;[35m[W3C (96bdc753)]&amp#27;[39m Calling AppiumDriver.findElement() with args: ["id","android:id/text1","96bdc753-10df-4008-9717-9af196ea7a09"]
[debug] &amp#27;[35m[BaseDriver]&amp#27;[39m Valid locator strategies for this request: xpath, id, class name, accessibility id, -android uiautomator
[debug] &amp#27;[35m[BaseDriver]&amp#27;[39m Waiting up to 10000 ms for condition
[debug] &amp#27;[35m[WD Proxy]&amp#27;[39m Matched '/element' to command name 'findElement'
[debug] &amp#27;[35m[WD Proxy]&amp#27;[39m Proxying [POST /element] to [POST http://127.0.0.1:8215/wd/hub/session/d67f93d4-068a-4627-a64d-e0d2787506f4/element] with body: {"strategy":"id","selector":"android:id/text1","context":"","multiple":false}
&amp#27;[35m[WD Proxy]&amp#27;[39m Got response with status 404: {"sessionId":"d67f93d4-068a-4627-a64d-e0d2787506f4","value":{"error":"no such element","message":"An element could not be located on the page using the given search parameters","stacktrace":"io.appium.uiautomator2.common.exceptions.ElementNotFoundException: An element could not be located on the page using the given search parameters\n\tat io.appium.uiautomator2.handler.FindElement.safeHandle(FindElement.java:78)\n\tat io.appium.uiautomator2.handler.request.SafeRequestHandler.handle(SafeRequestHandler.java:38)\n\tat io.appium.uiautomator2.server.AppiumServlet.handleRequest(AppiumServlet.java:252)\n\tat io.appium.uiautomator2.server.AppiumServlet.handleHttpRequest(AppiumServlet.java:242)\n\tat io.appium.uiautomator2.http.ServerHandler.channelRead(ServerHandler.java:51)\n\tat io.netty.channel.AbstractChannelHandlerContext.invokeChannelRead(AbstractChannelHandlerContext.java:366)\n\tat io.netty.channel.AbstractChannelHandlerContext.invokeChannelRead(AbstractChannelHandlerContext.java:352)\n\tat io.netty.chann...
[debug] &amp#27;[35m[W3C]&amp#27;[39m Matched W3C error code 'no such element' to NoSuchElementError
[debug] &amp#27;[35m[BaseDriver]&amp#27;[39m Waited for 251 ms so far
[debug] &amp#27;[35m[WD Proxy]&amp#27;[39m Matched '/element' to command name 'findElement'
[debug] &amp#27;[35m[WD Proxy]&amp#27;[39m Proxying [POST /element] to [POST http://127.0.0.1:8215/wd/hub/session/d67f93d4-068a-4627-a64d-e0d2787506f4/element] with body: {"strategy":"id","selector":"android:id/text1","context":"","multiple":false}
&amp#27;[35m[WD Proxy]&amp#27;[39m Got response with status 404: {"sessionId":"d67f93d4-068a-4627-a64d-e0d2787506f4","value":{"error":"no such element","message":"An element could not be located on the page using the given search parameters","stacktrace":"io.appium.uiautomator2.common.exceptions.ElementNotFoundException: An element could not be located on the page using the given search parameters\n\tat io.appium.uiautomator2.handler.FindElement.safeHandle(FindElement.java:78)\n\tat io.appium.uiautomator2.handler.request.SafeRequestHandler.handle(SafeRequestHandler.java:38)\n\tat io.appium.uiautomator2.server.AppiumServlet.handleRequest(AppiumServlet.java:252)\n\tat io.appium.uiautomator2.server.AppiumServlet.handleHttpRequest(AppiumServlet.java:242)\n\tat io.appium.uiautomator2.http.ServerHandler.channelRead(ServerHandler.java:51)\n\tat io.netty.channel.AbstractChannelHandlerContext.invokeChannelRead(AbstractChannelHandlerContext.java:366)\n\tat io.netty.channel.AbstractChannelHandlerContext.invokeChannelRead(AbstractChannelHandlerContext.java:352)\n\tat io.netty.chann...
[debug] &amp#27;[35m[W3C]&amp#27;[39m Matched W3C error code 'no such element' to NoSuchElementError
[debug] &amp#27;[35m[BaseDriver]&amp#27;[39m Waited for 773 ms so far
[debug] &amp#27;[35m[WD Proxy]&amp#27;[39m Matched '/element' to command name 'findElement'
[debug] &amp#27;[35m[WD Proxy]&amp#27;[39m Proxying [POST /element] to [POST http://127.0.0.1:8215/wd/hub/session/d67f93d4-068a-4627-a64d-e0d2787506f4/element] with body: {"strategy":"id","selector":"android:id/text1","context":"","multiple":false}
&amp#27;[35m[WD Proxy]&amp#27;[39m Got response with status 404: {"sessionId":"d67f93d4-068a-4627-a64d-e0d2787506f4","value":{"error":"no such element","message":"An element could not be located on the page using the given search parameters","stacktrace":"io.appium.uiautomator2.common.exceptions.ElementNotFoundException: An element could not be located on the page using the given search parameters\n\tat io.appium.uiautomator2.handler.FindElement.safeHandle(FindElement.java:78)\n\tat io.appium.uiautomator2.handler.request.SafeRequestHandler.handle(SafeRequestHandler.java:38)\n\tat io.appium.uiautomator2.server.AppiumServlet.handleRequest(AppiumServlet.java:252)\n\tat io.appium.uiautomator2.server.AppiumServlet.handleHttpRequest(AppiumServlet.java:242)\n\tat io.appium.uiautomator2.http.ServerHandler.channelRead(ServerHandler.java:51)\n\tat io.netty.channel.AbstractChannelHandlerContext.invokeChannelRead(AbstractChannelHandlerContext.java:366)\n\tat io.netty.channel.AbstractChannelHandlerContext.invokeChannelRead(AbstractChannelHandlerContext.java:352)\n\tat io.netty.chann...
[debug] &amp#27;[35m[W3C]&amp#27;[39m Matched W3C error code 'no such element' to NoSuchElementError
[debug] &amp#27;[35m[BaseDriver]&amp#27;[39m Waited for 1318 ms so far
[debug] &amp#27;[35m[WD Proxy]&amp#27;[39m Matched '/element' to command name 'findElement'
[debug] &amp#27;[35m[WD Proxy]&amp#27;[39m Proxying [POST /element] to [POST http://127.0.0.1:8215/wd/hub/session/d67f93d4-068a-4627-a64d-e0d2787506f4/element] with body: {"strategy":"id","selector":"android:id/text1","context":"","multiple":false}
&amp#27;[35m[WD Proxy]&amp#27;[39m Got response with status 404: {"sessionId":"d67f93d4-068a-4627-a64d-e0d2787506f4","value":{"error":"no such element","message":"An element could not be located on the page using the given search parameters","stacktrace":"io.appium.uiautomator2.common.exceptions.ElementNotFoundException: An element could not be located on the page using the given search parameters\n\tat io.appium.uiautomator2.handler.FindElement.safeHandle(FindElement.java:78)\n\tat io.appium.uiautomator2.handler.request.SafeRequestHandler.handle(SafeRequestHandler.java:38)\n\tat io.appium.uiautomator2.server.AppiumServlet.handleRequest(AppiumServlet.java:252)\n\tat io.appium.uiautomator2.server.AppiumServlet.handleHttpRequest(AppiumServlet.java:242)\n\tat io.appium.uiautomator2.http.ServerHandler.channelRead(ServerHandler.java:51)\n\tat io.netty.channel.AbstractChannelHandlerContext.invokeChannelRead(AbstractChannelHandlerContext.java:366)\n\tat io.netty.channel.AbstractChannelHandlerContext.invokeChannelRead(AbstractChannelHandlerContext.java:352)\n\tat io.netty.chann...
[debug] &amp#27;[35m[W3C]&amp#27;[39m Matched W3C error code 'no such element' to NoSuchElementError
[debug] &amp#27;[35m[BaseDriver]&amp#27;[39m Waited for 1867 ms so far
[debug] &amp#27;[35m[WD Proxy]&amp#27;[39m Matched '/element' to command name 'findElement'
[debug] &amp#27;[35m[WD Proxy]&amp#27;[39m Proxying [POST /element] to [POST http://127.0.0.1:8215/wd/hub/session/d67f93d4-068a-4627-a64d-e0d2787506f4/element] with body: {"strategy":"id","selector":"android:id/text1","context":"","multiple":false}
&amp#27;[35m[WD Proxy]&amp#27;[39m Got response with status 404: {"sessionId":"d67f93d4-068a-4627-a64d-e0d2787506f4","value":{"error":"no such element","message":"An element could not be located on the page using the given search parameters","stacktrace":"io.appium.uiautomator2.common.exceptions.ElementNotFoundException: An element could not be located on the page using the given search parameters\n\tat io.appium.uiautomator2.handler.FindElement.safeHandle(FindElement.java:78)\n\tat io.appium.uiautomator2.handler.request.SafeRequestHandler.handle(SafeRequestHandler.java:38)\n\tat io.appium.uiautomator2.server.AppiumServlet.handleRequest(AppiumServlet.java:252)\n\tat io.appium.uiautomator2.server.AppiumServlet.handleHttpRequest(AppiumServlet.java:242)\n\tat io.appium.uiautomator2.http.ServerHandler.channelRead(ServerHandler.java:51)\n\tat io.netty.channel.AbstractChannelHandlerContext.invokeChannelRead(AbstractChannelHandlerContext.java:366)\n\tat io.netty.channel.AbstractChannelHandlerContext.invokeChannelRead(AbstractChannelHandlerContext.java:352)\n\tat io.netty.chann...
[debug] &amp#27;[35m[W3C]&amp#27;[39m Matched W3C error code 'no such element' to NoSuchElementError
[debug] &amp#27;[35m[BaseDriver]&amp#27;[39m Waited for 2599 ms so far
[debug] &amp#27;[35m[WD Proxy]&amp#27;[39m Matched '/element' to command name 'findElement'
[debug] &amp#27;[35m[WD Proxy]&amp#27;[39m Proxying [POST /element] to [POST http://127.0.0.1:8215/wd/hub/session/d67f93d4-068a-4627-a64d-e0d2787506f4/element] with body: {"strategy":"id","selector":"android:id/text1","context":"","multiple":false}
[debug] &amp#27;[35m[WD Proxy]&amp#27;[39m Got response with status 200: {"sessionId":"d67f93d4-068a-4627-a64d-e0d2787506f4","value":{"ELEMENT":"3198f893-77cb-46cd-8505-cd247d88d366","element-6066-11e4-a52e-4f735466cecf":"3198f893-77cb-46cd-8505-cd247d88d366"}}
[debug] &amp#27;[35m[W3C (96bdc753)]&amp#27;[39m Responding to client with driver.findElement() result: {"element-6066-11e4-a52e-4f735466cecf":"3198f893-77cb-46cd-8505-cd247d88d366","ELEMENT":"3198f893-77cb-46cd-8505-cd247d88d366"}
&amp#27;[35m[HTTP]&amp#27;[39m &amp#27;[37m<-- POST /wd/hub/session/96bdc753-10df-4008-9717-9af196ea7a09/element &amp#27;[39m&amp#27;[32m200&amp#27;[39m &amp#27;[90m3429 ms - 137&amp#27;[39m
&amp#27;[35m[HTTP]&amp#27;[39m &amp#27;[90m&amp#27;[39m
&amp#27;[35m[HTTP]&amp#27;[39m &amp#27;[37m-->&amp#27;[39m &amp#27;[37mPOST&amp#27;[39m &amp#27;[37m/wd/hub/session/96bdc753-10df-4008-9717-9af196ea7a09/element/3198f893-77cb-46cd-8505-cd247d88d366/click&amp#27;[39m
&amp#27;[35m[HTTP]&amp#27;[39m &amp#27;[90m{"id":"3198f893-77cb-46cd-8505-cd247d88d366"}&amp#27;[39m
[debug] &amp#27;[35m[W3C (96bdc753)]&amp#27;[39m Calling AppiumDriver.click() with args: ["3198f893-77cb-46cd-8505-cd247d88d366","96bdc753-10df-4008-9717-9af196ea7a09"]
[debug] &amp#27;[35m[WD Proxy]&amp#27;[39m Matched '/element/3198f893-77cb-46cd-8505-cd247d88d366/click' to command name 'click'
[debug] &amp#27;[35m[WD Proxy]&amp#27;[39m Proxying [POST /element/3198f893-77cb-46cd-8505-cd247d88d366/click] to [POST http://127.0.0.1:8215/wd/hub/session/d67f93d4-068a-4627-a64d-e0d2787506f4/element/3198f893-77cb-46cd-8505-cd247d88d366/click] with body: {"element":"3198f893-77cb-46cd-8505-cd247d88d366"}
[debug] &amp#27;[35m[WD Proxy]&amp#27;[39m Got response with status 200: {"sessionId":"d67f93d4-068a-4627-a64d-e0d2787506f4","value":null}
[debug] &amp#27;[35m[W3C (96bdc753)]&amp#27;[39m Responding to client with driver.click() result: null
&amp#27;[35m[HTTP]&amp#27;[39m &amp#27;[37m<-- POST /wd/hub/session/96bdc753-10df-4008-9717-9af196ea7a09/element/3198f893-77cb-46cd-8505-cd247d88d366/click &amp#27;[39m&amp#27;[32m200&amp#27;[39m &amp#27;[90m32 ms - 14&amp#27;[39m
&amp#27;[35m[HTTP]&amp#27;[39m &amp#27;[90m&amp#27;[39m
&amp#27;[35m[HTTP]&amp#27;[39m &amp#27;[37m-->&amp#27;[39m &amp#27;[37mPOST&amp#27;[39m &amp#27;[37m/wd/hub/session/96bdc753-10df-4008-9717-9af196ea7a09/element&amp#27;[39m
&amp#27;[35m[HTTP]&amp#27;[39m &amp#27;[90m{"using":"-android uiautomator","value":"new UiScrollable(new UiSelector()).scrollIntoView(text(\"Brazil\"));"}&amp#27;[39m
[debug] &amp#27;[35m[W3C (96bdc753)]&amp#27;[39m Calling AppiumDriver.findElement() with args: ["-android uiautomator","new UiScrollable(new UiSelector()).scrollIntoView(text(\"Brazil\"));","96bdc753-10df-4008-9717-9af196ea7a09"]
[debug] &amp#27;[35m[BaseDriver]&amp#27;[39m Valid locator strategies for this request: xpath, id, class name, accessibility id, -android uiautomator
[debug] &amp#27;[35m[BaseDriver]&amp#27;[39m Waiting up to 10000 ms for condition
[debug] &amp#27;[35m[WD Proxy]&amp#27;[39m Matched '/element' to command name 'findElement'
[debug] &amp#27;[35m[WD Proxy]&amp#27;[39m Proxying [POST /element] to [POST http://127.0.0.1:8215/wd/hub/session/d67f93d4-068a-4627-a64d-e0d2787506f4/element] with body: {"strategy":"-android uiautomator","selector":"new UiScrollable(new UiSelector()).scrollIntoView(text(\"Brazil\"));","context":"","multiple":false}
[debug] &amp#27;[35m[WD Proxy]&amp#27;[39m Got response with status 200: {"sessionId":"d67f93d4-068a-4627-a64d-e0d2787506f4","value":{"ELEMENT":"7ff38756-4963-4e16-8af1-1432f03003f1","element-6066-11e4-a52e-4f735466cecf":"7ff38756-4963-4e16-8af1-1432f03003f1"}}
[debug] &amp#27;[35m[W3C (96bdc753)]&amp#27;[39m Responding to client with driver.findElement() result: {"element-6066-11e4-a52e-4f735466cecf":"7ff38756-4963-4e16-8af1-1432f03003f1","ELEMENT":"7ff38756-4963-4e16-8af1-1432f03003f1"}
&amp#27;[35m[HTTP]&amp#27;[39m &amp#27;[37m<-- POST /wd/hub/session/96bdc753-10df-4008-9717-9af196ea7a09/element &amp#27;[39m&amp#27;[32m200&amp#27;[39m &amp#27;[90m11316 ms - 137&amp#27;[39m
&amp#27;[35m[HTTP]&amp#27;[39m &amp#27;[90m&amp#27;[39m
&amp#27;[35m[HTTP]&amp#27;[39m &amp#27;[37m-->&amp#27;[39m &amp#27;[37mGET&amp#27;[39m &amp#27;[37m/wd/hub/session/96bdc753-10df-4008-9717-9af196ea7a09&amp#27;[39m
&amp#27;[35m[HTTP]&amp#27;[39m &amp#27;[90m{}&amp#27;[39m
[debug] &amp#27;[35m[W3C (96bdc753)]&amp#27;[39m Calling AppiumDriver.getSession() with args: ["96bdc753-10df-4008-9717-9af196ea7a09"]
[debug] &amp#27;[35m[UiAutomator2]&amp#27;[39m Getting session details from server to mix in
[debug] &amp#27;[35m[WD Proxy]&amp#27;[39m Matched '/' to command name 'getSession'
[debug] &amp#27;[35m[WD Proxy]&amp#27;[39m Proxying [GET /] to [GET http://127.0.0.1:8215/wd/hub/session/d67f93d4-068a-4627-a64d-e0d2787506f4] with body: {}
[debug] &amp#27;[35m[WD Proxy]&amp#27;[39m Got response with status 200: {"sessionId":"d67f93d4-068a-4627-a64d-e0d2787506f4","value":{}}
[debug] &amp#27;[35m[W3C (96bdc753)]&amp#27;[39m Responding to client with driver.getSession() result: {"platform":"LINUX","webStorageEnabled":false,"takesScreenshot":true,"javascriptEnabled":true,"databaseEnabled":false,"networkConnectionEnabled":true,"locationContextEnabled":false,"warnings":{},"desired":{"platformName":"android","app":"D:\\AppiumTutorial\\Projects\\AppiumFramework\\src\\General-Store.apk","automationName":"Uiautomator2","chromedriverExecutable":"D:\\AppiumTutorial\\Projects\\Introduction\\BrowserDriver\\Google\\chromedriver.exe","deviceName":"Nexus5XPie9Emulator","newCommandTimeout":15},"platformName":"android","app":"D:\\AppiumTutorial\\Projects\\AppiumFramework\\src\\General-Store.apk","automationName":"Uiautomator2","chromedriverExecutable":"D:\\AppiumTutorial\\Projects\\Introduction\\BrowserDriver\\Google\\chromedriver.exe","deviceName":"emulator-5554","newCommandTimeout":15,"deviceUDID":"emulator-5554","appPackage":"com.androidsample.generalstore","deviceApiLevel":28,"platformVersion":"9","deviceScreenSize":"1080x1920","deviceScreenDensity":420,"deviceModel":"AOSP on IA Emulator","d...
&amp#27;[35m[HTTP]&amp#27;[39m &amp#27;[37m<-- GET /wd/hub/session/96bdc753-10df-4008-9717-9af196ea7a09 &amp#27;[39m&amp#27;[32m200&amp#27;[39m &amp#27;[90m37 ms - 1159&amp#27;[39m
&amp#27;[35m[HTTP]&amp#27;[39m &amp#27;[90m&amp#27;[39m
&amp#27;[35m[HTTP]&amp#27;[39m &amp#27;[37m-->&amp#27;[39m &amp#27;[37mPOST&amp#27;[39m &amp#27;[37m/wd/hub/session/96bdc753-10df-4008-9717-9af196ea7a09/element&amp#27;[39m
&amp#27;[35m[HTTP]&amp#27;[39m &amp#27;[90m{"using":"xpath","value":"//*[@text='Brazil']"}&amp#27;[39m
[debug] &amp#27;[35m[W3C (96bdc753)]&amp#27;[39m Calling AppiumDriver.findElement() with args: ["xpath","//*[@text='Brazil']","96bdc753-10df-4008-9717-9af196ea7a09"]
[debug] &amp#27;[35m[BaseDriver]&amp#27;[39m Valid locator strategies for this request: xpath, id, class name, accessibility id, -android uiautomator
[debug] &amp#27;[35m[BaseDriver]&amp#27;[39m Waiting up to 10000 ms for condition
[debug] &amp#27;[35m[WD Proxy]&amp#27;[39m Matched '/element' to command name 'findElement'
[debug] &amp#27;[35m[WD Proxy]&amp#27;[39m Proxying [POST /element] to [POST http://127.0.0.1:8215/wd/hub/session/d67f93d4-068a-4627-a64d-e0d2787506f4/element] with body: {"strategy":"xpath","selector":"//*[@text='Brazil']","context":"","multiple":false}
[debug] &amp#27;[35m[WD Proxy]&amp#27;[39m Got response with status 200: {"sessionId":"d67f93d4-068a-4627-a64d-e0d2787506f4","value":{"ELEMENT":"3a6cbe00-4988-4d00-b493-d2c88c6900ff","element-6066-11e4-a52e-4f735466cecf":"3a6cbe00-4988-4d00-b493-d2c88c6900ff"}}
[debug] &amp#27;[35m[W3C (96bdc753)]&amp#27;[39m Responding to client with driver.findElement() result: {"element-6066-11e4-a52e-4f735466cecf":"3a6cbe00-4988-4d00-b493-d2c88c6900ff","ELEMENT":"3a6cbe00-4988-4d00-b493-d2c88c6900ff"}
&amp#27;[35m[HTTP]&amp#27;[39m &amp#27;[37m<-- POST /wd/hub/session/96bdc753-10df-4008-9717-9af196ea7a09/element &amp#27;[39m&amp#27;[32m200&amp#27;[39m &amp#27;[90m193 ms - 137&amp#27;[39m
&amp#27;[35m[HTTP]&amp#27;[39m &amp#27;[90m&amp#27;[39m
&amp#27;[35m[HTTP]&amp#27;[39m &amp#27;[37m-->&amp#27;[39m &amp#27;[37mPOST&amp#27;[39m &amp#27;[37m/wd/hub/session/96bdc753-10df-4008-9717-9af196ea7a09/element/3a6cbe00-4988-4d00-b493-d2c88c6900ff/click&amp#27;[39m
&amp#27;[35m[HTTP]&amp#27;[39m &amp#27;[90m{"id":"3a6cbe00-4988-4d00-b493-d2c88c6900ff"}&amp#27;[39m
[debug] &amp#27;[35m[W3C (96bdc753)]&amp#27;[39m Calling AppiumDriver.click() with args: ["3a6cbe00-4988-4d00-b493-d2c88c6900ff","96bdc753-10df-4008-9717-9af196ea7a09"]
[debug] &amp#27;[35m[WD Proxy]&amp#27;[39m Matched '/element/3a6cbe00-4988-4d00-b493-d2c88c6900ff/click' to command name 'click'
[debug] &amp#27;[35m[WD Proxy]&amp#27;[39m Proxying [POST /element/3a6cbe00-4988-4d00-b493-d2c88c6900ff/click] to [POST http://127.0.0.1:8215/wd/hub/session/d67f93d4-068a-4627-a64d-e0d2787506f4/element/3a6cbe00-4988-4d00-b493-d2c88c6900ff/click] with body: {"element":"3a6cbe00-4988-4d00-b493-d2c88c6900ff"}
[debug] &amp#27;[35m[WD Proxy]&amp#27;[39m Got response with status 200: {"sessionId":"d67f93d4-068a-4627-a64d-e0d2787506f4","value":null}
[debug] &amp#27;[35m[W3C (96bdc753)]&amp#27;[39m Responding to client with driver.click() result: null
&amp#27;[35m[HTTP]&amp#27;[39m &amp#27;[37m<-- POST /wd/hub/session/96bdc753-10df-4008-9717-9af196ea7a09/element/3a6cbe00-4988-4d00-b493-d2c88c6900ff/click &amp#27;[39m&amp#27;[32m200&amp#27;[39m &amp#27;[90m716 ms - 14&amp#27;[39m
&amp#27;[35m[HTTP]&amp#27;[39m &amp#27;[90m&amp#27;[39m
&amp#27;[35m[HTTP]&amp#27;[39m &amp#27;[37m-->&amp#27;[39m &amp#27;[37mGET&amp#27;[39m &amp#27;[37m/wd/hub/session/96bdc753-10df-4008-9717-9af196ea7a09&amp#27;[39m
&amp#27;[35m[HTTP]&amp#27;[39m &amp#27;[90m{}&amp#27;[39m
[debug] &amp#27;[35m[W3C (96bdc753)]&amp#27;[39m Calling AppiumDriver.getSession() with args: ["96bdc753-10df-4008-9717-9af196ea7a09"]
[debug] &amp#27;[35m[UiAutomator2]&amp#27;[39m Getting session details from server to mix in
[debug] &amp#27;[35m[WD Proxy]&amp#27;[39m Matched '/' to command name 'getSession'
[debug] &amp#27;[35m[WD Proxy]&amp#27;[39m Proxying [GET /] to [GET http://127.0.0.1:8215/wd/hub/session/d67f93d4-068a-4627-a64d-e0d2787506f4] with body: {}
[debug] &amp#27;[35m[WD Proxy]&amp#27;[39m Got response with status 200: {"sessionId":"d67f93d4-068a-4627-a64d-e0d2787506f4","value":{}}
[debug] &amp#27;[35m[W3C (96bdc753)]&amp#27;[39m Responding to client with driver.getSession() result: {"platform":"LINUX","webStorageEnabled":false,"takesScreenshot":true,"javascriptEnabled":true,"databaseEnabled":false,"networkConnectionEnabled":true,"locationContextEnabled":false,"warnings":{},"desired":{"platformName":"android","app":"D:\\AppiumTutorial\\Projects\\AppiumFramework\\src\\General-Store.apk","automationName":"Uiautomator2","chromedriverExecutable":"D:\\AppiumTutorial\\Projects\\Introduction\\BrowserDriver\\Google\\chromedriver.exe","deviceName":"Nexus5XPie9Emulator","newCommandTimeout":15},"platformName":"android","app":"D:\\AppiumTutorial\\Projects\\AppiumFramework\\src\\General-Store.apk","automationName":"Uiautomator2","chromedriverExecutable":"D:\\AppiumTutorial\\Projects\\Introduction\\BrowserDriver\\Google\\chromedriver.exe","deviceName":"emulator-5554","newCommandTimeout":15,"deviceUDID":"emulator-5554","appPackage":"com.androidsample.generalstore","deviceApiLevel":28,"platformVersion":"9","deviceScreenSize":"1080x1920","deviceScreenDensity":420,"deviceModel":"AOSP on IA Emulator","d...
&amp#27;[35m[HTTP]&amp#27;[39m &amp#27;[37m<-- GET /wd/hub/session/96bdc753-10df-4008-9717-9af196ea7a09 &amp#27;[39m&amp#27;[32m200&amp#27;[39m &amp#27;[90m12 ms - 1159&amp#27;[39m
&amp#27;[35m[HTTP]&amp#27;[39m &amp#27;[90m&amp#27;[39m
&amp#27;[35m[HTTP]&amp#27;[39m &amp#27;[37m-->&amp#27;[39m &amp#27;[37mPOST&amp#27;[39m &amp#27;[37m/wd/hub/session/96bdc753-10df-4008-9717-9af196ea7a09/element&amp#27;[39m
&amp#27;[35m[HTTP]&amp#27;[39m &amp#27;[90m{"using":"id","value":"com.androidsample.generalstore:id/nameField"}&amp#27;[39m
[debug] &amp#27;[35m[W3C (96bdc753)]&amp#27;[39m Calling AppiumDriver.findElement() with args: ["id","com.androidsample.generalstore:id/nameField","96bdc753-10df-4008-9717-9af196ea7a09"]
[debug] &amp#27;[35m[BaseDriver]&amp#27;[39m Valid locator strategies for this request: xpath, id, class name, accessibility id, -android uiautomator
[debug] &amp#27;[35m[BaseDriver]&amp#27;[39m Waiting up to 10000 ms for condition
[debug] &amp#27;[35m[WD Proxy]&amp#27;[39m Matched '/element' to command name 'findElement'
[debug] &amp#27;[35m[WD Proxy]&amp#27;[39m Proxying [POST /element] to [POST http://127.0.0.1:8215/wd/hub/session/d67f93d4-068a-4627-a64d-e0d2787506f4/element] with body: {"strategy":"id","selector":"com.androidsample.generalstore:id/nameField","context":"","multiple":false}
[debug] &amp#27;[35m[WD Proxy]&amp#27;[39m Got response with status 200: {"sessionId":"d67f93d4-068a-4627-a64d-e0d2787506f4","value":{"ELEMENT":"351ebb90-a8b2-4072-a0ce-584a89f86583","element-6066-11e4-a52e-4f735466cecf":"351ebb90-a8b2-4072-a0ce-584a89f86583"}}
[debug] &amp#27;[35m[W3C (96bdc753)]&amp#27;[39m Responding to client with driver.findElement() result: {"element-6066-11e4-a52e-4f735466cecf":"351ebb90-a8b2-4072-a0ce-584a89f86583","ELEMENT":"351ebb90-a8b2-4072-a0ce-584a89f86583"}
&amp#27;[35m[HTTP]&amp#27;[39m &amp#27;[37m<-- POST /wd/hub/session/96bdc753-10df-4008-9717-9af196ea7a09/element &amp#27;[39m&amp#27;[32m200&amp#27;[39m &amp#27;[90m31 ms - 137&amp#27;[39m
&amp#27;[35m[HTTP]&amp#27;[39m &amp#27;[90m&amp#27;[39m
&amp#27;[35m[HTTP]&amp#27;[39m &amp#27;[37m-->&amp#27;[39m &amp#27;[37mPOST&amp#27;[39m &amp#27;[37m/wd/hub/session/96bdc753-10df-4008-9717-9af196ea7a09/element/351ebb90-a8b2-4072-a0ce-584a89f86583/value&amp#27;[39m
&amp#27;[35m[HTTP]&amp#27;[39m &amp#27;[90m{"id":"351ebb90-a8b2-4072-a0ce-584a89f86583","text":"James Bond Page Object","value":["J","a","m","e","s"," ","B","o","n","d"," ","P","a","g","e"," ","O","b","j","e","c","t"]}&amp#27;[39m
[debug] &amp#27;[35m[W3C (96bdc753)]&amp#27;[39m Calling AppiumDriver.setValue() with args: [["J","a","m","e","s"," ","B","o","n","d"," ","P","a","g","e"," ","O","b","j","e","c","t"],"351ebb90-a8b2-4072-a0ce-584a89f86583","96bdc753-10df-4008-9717-9af196ea7a09"]
[debug] &amp#27;[35m[WD Proxy]&amp#27;[39m Matched '/element/351ebb90-a8b2-4072-a0ce-584a89f86583/value' to command name 'setValue'
[debug] &amp#27;[35m[Protocol Converter]&amp#27;[39m Added 'value' property ["J","a","m","e","s"," ","B","o","n","d"," ","P","a","g","e"," ","O","b","j","e","c","t"] to 'setValue' request body
[debug] &amp#27;[35m[WD Proxy]&amp#27;[39m Proxying [POST /element/351ebb90-a8b2-4072-a0ce-584a89f86583/value] to [POST http://127.0.0.1:8215/wd/hub/session/d67f93d4-068a-4627-a64d-e0d2787506f4/element/351ebb90-a8b2-4072-a0ce-584a89f86583/value] with body: {"elementId":"351ebb90-a8b2-4072-a0ce-584a89f86583","text":"James Bond Page Object","replace":false,"value":["J","a","m","e","s"," ","B","o","n","d"," ","P","a","g","e"," ","O","b","j","e","c","t"]}
[debug] &amp#27;[35m[WD Proxy]&amp#27;[39m Got response with status 200: {"sessionId":"d67f93d4-068a-4627-a64d-e0d2787506f4","value":null}
[debug] &amp#27;[35m[W3C (96bdc753)]&amp#27;[39m Responding to client with driver.setValue() result: null
&amp#27;[35m[HTTP]&amp#27;[39m &amp#27;[37m<-- POST /wd/hub/session/96bdc753-10df-4008-9717-9af196ea7a09/element/351ebb90-a8b2-4072-a0ce-584a89f86583/value &amp#27;[39m&amp#27;[32m200&amp#27;[39m &amp#27;[90m77 ms - 14&amp#27;[39m
&amp#27;[35m[HTTP]&amp#27;[39m &amp#27;[90m&amp#27;[39m
&amp#27;[35m[HTTP]&amp#27;[39m &amp#27;[37m-->&amp#27;[39m &amp#27;[37mPOST&amp#27;[39m &amp#27;[37m/wd/hub/session/96bdc753-10df-4008-9717-9af196ea7a09/appium/device/hide_keyboard&amp#27;[39m
&amp#27;[35m[HTTP]&amp#27;[39m &amp#27;[90m{}&amp#27;[39m
[debug] &amp#27;[35m[W3C (96bdc753)]&amp#27;[39m Calling AppiumDriver.hideKeyboard() with args: [null,null,null,null,"96bdc753-10df-4008-9717-9af196ea7a09"]
[debug] &amp#27;[35m[ADB]&amp#27;[39m Running 'C:\Users\ANANTHAROOBAN\AppData\Local\Android\Sdk\platform-tools\adb.exe -P 5037 -s emulator-5554 shell dumpsys input_method'
&amp#27;[35m[AndroidDriver]&amp#27;[39m Keyboard has no UI; no closing necessary
[debug] &amp#27;[35m[W3C (96bdc753)]&amp#27;[39m Responding to client with driver.hideKeyboard() result: null
&amp#27;[35m[HTTP]&amp#27;[39m &amp#27;[37m<-- POST /wd/hub/session/96bdc753-10df-4008-9717-9af196ea7a09/appium/device/hide_keyboard &amp#27;[39m&amp#27;[32m200&amp#27;[39m &amp#27;[90m167 ms - 14&amp#27;[39m
&amp#27;[35m[HTTP]&amp#27;[39m &amp#27;[90m&amp#27;[39m
&amp#27;[35m[HTTP]&amp#27;[39m &amp#27;[37m-->&amp#27;[39m &amp#27;[37mGET&amp#27;[39m &amp#27;[37m/wd/hub/session/96bdc753-10df-4008-9717-9af196ea7a09&amp#27;[39m
&amp#27;[35m[HTTP]&amp#27;[39m &amp#27;[90m{}&amp#27;[39m
[debug] &amp#27;[35m[W3C (96bdc753)]&amp#27;[39m Calling AppiumDriver.getSession() with args: ["96bdc753-10df-4008-9717-9af196ea7a09"]
[debug] &amp#27;[35m[UiAutomator2]&amp#27;[39m Getting session details from server to mix in
[debug] &amp#27;[35m[WD Proxy]&amp#27;[39m Matched '/' to command name 'getSession'
[debug] &amp#27;[35m[WD Proxy]&amp#27;[39m Proxying [GET /] to [GET http://127.0.0.1:8215/wd/hub/session/d67f93d4-068a-4627-a64d-e0d2787506f4] with body: {}
[debug] &amp#27;[35m[WD Proxy]&amp#27;[39m Got response with status 200: {"sessionId":"d67f93d4-068a-4627-a64d-e0d2787506f4","value":{}}
[debug] &amp#27;[35m[W3C (96bdc753)]&amp#27;[39m Responding to client with driver.getSession() result: {"platform":"LINUX","webStorageEnabled":false,"takesScreenshot":true,"javascriptEnabled":true,"databaseEnabled":false,"networkConnectionEnabled":true,"locationContextEnabled":false,"warnings":{},"desired":{"platformName":"android","app":"D:\\AppiumTutorial\\Projects\\AppiumFramework\\src\\General-Store.apk","automationName":"Uiautomator2","chromedriverExecutable":"D:\\AppiumTutorial\\Projects\\Introduction\\BrowserDriver\\Google\\chromedriver.exe","deviceName":"Nexus5XPie9Emulator","newCommandTimeout":15},"platformName":"android","app":"D:\\AppiumTutorial\\Projects\\AppiumFramework\\src\\General-Store.apk","automationName":"Uiautomator2","chromedriverExecutable":"D:\\AppiumTutorial\\Projects\\Introduction\\BrowserDriver\\Google\\chromedriver.exe","deviceName":"emulator-5554","newCommandTimeout":15,"deviceUDID":"emulator-5554","appPackage":"com.androidsample.generalstore","deviceApiLevel":28,"platformVersion":"9","deviceScreenSize":"1080x1920","deviceScreenDensity":420,"deviceModel":"AOSP on IA Emulator","d...
&amp#27;[35m[HTTP]&amp#27;[39m &amp#27;[37m<-- GET /wd/hub/session/96bdc753-10df-4008-9717-9af196ea7a09 &amp#27;[39m&amp#27;[32m200&amp#27;[39m &amp#27;[90m13 ms - 1159&amp#27;[39m
&amp#27;[35m[HTTP]&amp#27;[39m &amp#27;[90m&amp#27;[39m
&amp#27;[35m[HTTP]&amp#27;[39m &amp#27;[37m-->&amp#27;[39m &amp#27;[37mPOST&amp#27;[39m &amp#27;[37m/wd/hub/session/96bdc753-10df-4008-9717-9af196ea7a09/element&amp#27;[39m
&amp#27;[35m[HTTP]&amp#27;[39m &amp#27;[90m{"using":"id","value":"com.androidsample.generalstore:id/radioFemale"}&amp#27;[39m
[debug] &amp#27;[35m[W3C (96bdc753)]&amp#27;[39m Calling AppiumDriver.findElement() with args: ["id","com.androidsample.generalstore:id/radioFemale","96bdc753-10df-4008-9717-9af196ea7a09"]
[debug] &amp#27;[35m[BaseDriver]&amp#27;[39m Valid locator strategies for this request: xpath, id, class name, accessibility id, -android uiautomator
[debug] &amp#27;[35m[BaseDriver]&amp#27;[39m Waiting up to 10000 ms for condition
[debug] &amp#27;[35m[WD Proxy]&amp#27;[39m Matched '/element' to command name 'findElement'
[debug] &amp#27;[35m[WD Proxy]&amp#27;[39m Proxying [POST /element] to [POST http://127.0.0.1:8215/wd/hub/session/d67f93d4-068a-4627-a64d-e0d2787506f4/element] with body: {"strategy":"id","selector":"com.androidsample.generalstore:id/radioFemale","context":"","multiple":false}
[debug] &amp#27;[35m[WD Proxy]&amp#27;[39m Got response with status 200: {"sessionId":"d67f93d4-068a-4627-a64d-e0d2787506f4","value":{"ELEMENT":"582bfb7b-00c9-4cee-9074-6841da0e8591","element-6066-11e4-a52e-4f735466cecf":"582bfb7b-00c9-4cee-9074-6841da0e8591"}}
[debug] &amp#27;[35m[W3C (96bdc753)]&amp#27;[39m Responding to client with driver.findElement() result: {"element-6066-11e4-a52e-4f735466cecf":"582bfb7b-00c9-4cee-9074-6841da0e8591","ELEMENT":"582bfb7b-00c9-4cee-9074-6841da0e8591"}
&amp#27;[35m[HTTP]&amp#27;[39m &amp#27;[37m<-- POST /wd/hub/session/96bdc753-10df-4008-9717-9af196ea7a09/element &amp#27;[39m&amp#27;[32m200&amp#27;[39m &amp#27;[90m382 ms - 137&amp#27;[39m
&amp#27;[35m[HTTP]&amp#27;[39m &amp#27;[90m&amp#27;[39m
&amp#27;[35m[HTTP]&amp#27;[39m &amp#27;[37m-->&amp#27;[39m &amp#27;[37mPOST&amp#27;[39m &amp#27;[37m/wd/hub/session/96bdc753-10df-4008-9717-9af196ea7a09/element/582bfb7b-00c9-4cee-9074-6841da0e8591/click&amp#27;[39m
&amp#27;[35m[HTTP]&amp#27;[39m &amp#27;[90m{"id":"582bfb7b-00c9-4cee-9074-6841da0e8591"}&amp#27;[39m
[debug] &amp#27;[35m[W3C (96bdc753)]&amp#27;[39m Calling AppiumDriver.click() with args: ["582bfb7b-00c9-4cee-9074-6841da0e8591","96bdc753-10df-4008-9717-9af196ea7a09"]
[debug] &amp#27;[35m[WD Proxy]&amp#27;[39m Matched '/element/582bfb7b-00c9-4cee-9074-6841da0e8591/click' to command name 'click'
[debug] &amp#27;[35m[WD Proxy]&amp#27;[39m Proxying [POST /element/582bfb7b-00c9-4cee-9074-6841da0e8591/click] to [POST http://127.0.0.1:8215/wd/hub/session/d67f93d4-068a-4627-a64d-e0d2787506f4/element/582bfb7b-00c9-4cee-9074-6841da0e8591/click] with body: {"element":"582bfb7b-00c9-4cee-9074-6841da0e8591"}
[debug] &amp#27;[35m[WD Proxy]&amp#27;[39m Got response with status 200: {"sessionId":"d67f93d4-068a-4627-a64d-e0d2787506f4","value":null}
[debug] &amp#27;[35m[W3C (96bdc753)]&amp#27;[39m Responding to client with driver.click() result: null
&amp#27;[35m[HTTP]&amp#27;[39m &amp#27;[37m<-- POST /wd/hub/session/96bdc753-10df-4008-9717-9af196ea7a09/element/582bfb7b-00c9-4cee-9074-6841da0e8591/click &amp#27;[39m&amp#27;[32m200&amp#27;[39m &amp#27;[90m30 ms - 14&amp#27;[39m
&amp#27;[35m[HTTP]&amp#27;[39m &amp#27;[90m&amp#27;[39m
&amp#27;[35m[HTTP]&amp#27;[39m &amp#27;[37m-->&amp#27;[39m &amp#27;[37mGET&amp#27;[39m &amp#27;[37m/wd/hub/session/96bdc753-10df-4008-9717-9af196ea7a09&amp#27;[39m
&amp#27;[35m[HTTP]&amp#27;[39m &amp#27;[90m{}&amp#27;[39m
[debug] &amp#27;[35m[W3C (96bdc753)]&amp#27;[39m Calling AppiumDriver.getSession() with args: ["96bdc753-10df-4008-9717-9af196ea7a09"]
[debug] &amp#27;[35m[UiAutomator2]&amp#27;[39m Getting session details from server to mix in
[debug] &amp#27;[35m[WD Proxy]&amp#27;[39m Matched '/' to command name 'getSession'
[debug] &amp#27;[35m[WD Proxy]&amp#27;[39m Proxying [GET /] to [GET http://127.0.0.1:8215/wd/hub/session/d67f93d4-068a-4627-a64d-e0d2787506f4] with body: {}
[debug] &amp#27;[35m[WD Proxy]&amp#27;[39m Got response with status 200: {"sessionId":"d67f93d4-068a-4627-a64d-e0d2787506f4","value":{}}
[debug] &amp#27;[35m[W3C (96bdc753)]&amp#27;[39m Responding to client with driver.getSession() result: {"platform":"LINUX","webStorageEnabled":false,"takesScreenshot":true,"javascriptEnabled":true,"databaseEnabled":false,"networkConnectionEnabled":true,"locationContextEnabled":false,"warnings":{},"desired":{"platformName":"android","app":"D:\\AppiumTutorial\\Projects\\AppiumFramework\\src\\General-Store.apk","automationName":"Uiautomator2","chromedriverExecutable":"D:\\AppiumTutorial\\Projects\\Introduction\\BrowserDriver\\Google\\chromedriver.exe","deviceName":"Nexus5XPie9Emulator","newCommandTimeout":15},"platformName":"android","app":"D:\\AppiumTutorial\\Projects\\AppiumFramework\\src\\General-Store.apk","automationName":"Uiautomator2","chromedriverExecutable":"D:\\AppiumTutorial\\Projects\\Introduction\\BrowserDriver\\Google\\chromedriver.exe","deviceName":"emulator-5554","newCommandTimeout":15,"deviceUDID":"emulator-5554","appPackage":"com.androidsample.generalstore","deviceApiLevel":28,"platformVersion":"9","deviceScreenSize":"1080x1920","deviceScreenDensity":420,"deviceModel":"AOSP on IA Emulator","d...
&amp#27;[35m[HTTP]&amp#27;[39m &amp#27;[37m<-- GET /wd/hub/session/96bdc753-10df-4008-9717-9af196ea7a09 &amp#27;[39m&amp#27;[32m200&amp#27;[39m &amp#27;[90m12 ms - 1159&amp#27;[39m
&amp#27;[35m[HTTP]&amp#27;[39m &amp#27;[90m&amp#27;[39m
&amp#27;[35m[HTTP]&amp#27;[39m &amp#27;[37m-->&amp#27;[39m &amp#27;[37mPOST&amp#27;[39m &amp#27;[37m/wd/hub/session/96bdc753-10df-4008-9717-9af196ea7a09/element&amp#27;[39m
&amp#27;[35m[HTTP]&amp#27;[39m &amp#27;[90m{"using":"id","value":"com.androidsample.generalstore:id/btnLetsShop"}&amp#27;[39m
[debug] &amp#27;[35m[W3C (96bdc753)]&amp#27;[39m Calling AppiumDriver.findElement() with args: ["id","com.androidsample.generalstore:id/btnLetsShop","96bdc753-10df-4008-9717-9af196ea7a09"]
[debug] &amp#27;[35m[BaseDriver]&amp#27;[39m Valid locator strategies for this request: xpath, id, class name, accessibility id, -android uiautomator
[debug] &amp#27;[35m[BaseDriver]&amp#27;[39m Waiting up to 10000 ms for condition
[debug] &amp#27;[35m[WD Proxy]&amp#27;[39m Matched '/element' to command name 'findElement'
[debug] &amp#27;[35m[WD Proxy]&amp#27;[39m Proxying [POST /element] to [POST http://127.0.0.1:8215/wd/hub/session/d67f93d4-068a-4627-a64d-e0d2787506f4/element] with body: {"strategy":"id","selector":"com.androidsample.generalstore:id/btnLetsShop","context":"","multiple":false}
[debug] &amp#27;[35m[WD Proxy]&amp#27;[39m Got response with status 200: {"sessionId":"d67f93d4-068a-4627-a64d-e0d2787506f4","value":{"ELEMENT":"a6bcbab5-4844-4fea-b2a8-34b4c6307266","element-6066-11e4-a52e-4f735466cecf":"a6bcbab5-4844-4fea-b2a8-34b4c6307266"}}
[debug] &amp#27;[35m[W3C (96bdc753)]&amp#27;[39m Responding to client with driver.findElement() result: {"element-6066-11e4-a52e-4f735466cecf":"a6bcbab5-4844-4fea-b2a8-34b4c6307266","ELEMENT":"a6bcbab5-4844-4fea-b2a8-34b4c6307266"}
&amp#27;[35m[HTTP]&amp#27;[39m &amp#27;[37m<-- POST /wd/hub/session/96bdc753-10df-4008-9717-9af196ea7a09/element &amp#27;[39m&amp#27;[32m200&amp#27;[39m &amp#27;[90m88 ms - 137&amp#27;[39m
&amp#27;[35m[HTTP]&amp#27;[39m &amp#27;[90m&amp#27;[39m
&amp#27;[35m[HTTP]&amp#27;[39m &amp#27;[37m-->&amp#27;[39m &amp#27;[37mPOST&amp#27;[39m &amp#27;[37m/wd/hub/session/96bdc753-10df-4008-9717-9af196ea7a09/element/a6bcbab5-4844-4fea-b2a8-34b4c6307266/click&amp#27;[39m
&amp#27;[35m[HTTP]&amp#27;[39m &amp#27;[90m{"id":"a6bcbab5-4844-4fea-b2a8-34b4c6307266"}&amp#27;[39m
[debug] &amp#27;[35m[W3C (96bdc753)]&amp#27;[39m Calling AppiumDriver.click() with args: ["a6bcbab5-4844-4fea-b2a8-34b4c6307266","96bdc753-10df-4008-9717-9af196ea7a09"]
[debug] &amp#27;[35m[WD Proxy]&amp#27;[39m Matched '/element/a6bcbab5-4844-4fea-b2a8-34b4c6307266/click' to command name 'click'
[debug] &amp#27;[35m[WD Proxy]&amp#27;[39m Proxying [POST /element/a6bcbab5-4844-4fea-b2a8-34b4c6307266/click] to [POST http://127.0.0.1:8215/wd/hub/session/d67f93d4-068a-4627-a64d-e0d2787506f4/element/a6bcbab5-4844-4fea-b2a8-34b4c6307266/click] with body: {"element":"a6bcbab5-4844-4fea-b2a8-34b4c6307266"}
[debug] &amp#27;[35m[WD Proxy]&amp#27;[39m Got response with status 200: {"sessionId":"d67f93d4-068a-4627-a64d-e0d2787506f4","value":null}
[debug] &amp#27;[35m[W3C (96bdc753)]&amp#27;[39m Responding to client with driver.click() result: null
&amp#27;[35m[HTTP]&amp#27;[39m &amp#27;[37m<-- POST /wd/hub/session/96bdc753-10df-4008-9717-9af196ea7a09/element/a6bcbab5-4844-4fea-b2a8-34b4c6307266/click &amp#27;[39m&amp#27;[32m200&amp#27;[39m &amp#27;[90m418 ms - 14&amp#27;[39m
&amp#27;[35m[HTTP]&amp#27;[39m &amp#27;[90m&amp#27;[39m
&amp#27;[35m[HTTP]&amp#27;[39m &amp#27;[37m-->&amp#27;[39m &amp#27;[37mGET&amp#27;[39m &amp#27;[37m/wd/hub/session/96bdc753-10df-4008-9717-9af196ea7a09&amp#27;[39m
&amp#27;[35m[HTTP]&amp#27;[39m &amp#27;[90m{}&amp#27;[39m
[debug] &amp#27;[35m[W3C (96bdc753)]&amp#27;[39m Calling AppiumDriver.getSession() with args: ["96bdc753-10df-4008-9717-9af196ea7a09"]
[debug] &amp#27;[35m[UiAutomator2]&amp#27;[39m Getting session details from server to mix in
[debug] &amp#27;[35m[WD Proxy]&amp#27;[39m Matched '/' to command name 'getSession'
[debug] &amp#27;[35m[WD Proxy]&amp#27;[39m Proxying [GET /] to [GET http://127.0.0.1:8215/wd/hub/session/d67f93d4-068a-4627-a64d-e0d2787506f4] with body: {}
[debug] &amp#27;[35m[WD Proxy]&amp#27;[39m Got response with status 200: {"sessionId":"d67f93d4-068a-4627-a64d-e0d2787506f4","value":{}}
[...]
[debug] &amp#27;[35m[WD Proxy]&amp#27;[39m Proxying [POST /element/6411100c-03fd-4e7c-9179-584967b3a1f7/click] to [POST http://127.0.0.1:8217/wd/hub/session/7035d78d-a1d5-4f8b-b159-0bc429a2c240/element/6411100c-03fd-4e7c-9179-584967b3a1f7/click] with body: {"element":"6411100c-03fd-4e7c-9179-584967b3a1f7"}
[debug] &amp#27;[35m[WD Proxy]&amp#27;[39m Got response with status 200: {"sessionId":"7035d78d-a1d5-4f8b-b159-0bc429a2c240","value":null}
[debug] &amp#27;[35m[W3C (e97454c4)]&amp#27;[39m Responding to client with driver.click() result: null
&amp#27;[35m[HTTP]&amp#27;[39m &amp#27;[37m<-- POST /wd/hub/session/e97454c4-ecde-472d-9cc5-c650c1cc54d8/element/6411100c-03fd-4e7c-9179-584967b3a1f7/click &amp#27;[39m&amp#27;[32m200&amp#27;[39m &amp#27;[90m1323 ms - 14&amp#27;[39m
&amp#27;[35m[HTTP]&amp#27;[39m &amp#27;[90m&amp#27;[39m
&amp#27;[35m[HTTP]&amp#27;[39m &amp#27;[37m-->&amp#27;[39m &amp#27;[37mGET&amp#27;[39m &amp#27;[37m/wd/hub/session/e97454c4-ecde-472d-9cc5-c650c1cc54d8&amp#27;[39m
&amp#27;[35m[HTTP]&amp#27;[39m &amp#27;[90m{}&amp#27;[39m
[debug] &amp#27;[35m[W3C (e97454c4)]&amp#27;[39m Calling AppiumDriver.getSession() with args: ["e97454c4-ecde-472d-9cc5-c650c1cc54d8"]
[debug] &amp#27;[35m[UiAutomator2]&amp#27;[39m Getting session details from server to mix in
[debug] &amp#27;[35m[WD Proxy]&amp#27;[39m Matched '/' to command name 'getSession'
[debug] &amp#27;[35m[WD Proxy]&amp#27;[39m Proxying [GET /] to [GET http://127.0.0.1:8217/wd/hub/session/7035d78d-a1d5-4f8b-b159-0bc429a2c240] with body: {}
[debug] &amp#27;[35m[WD Proxy]&amp#27;[39m Got response with status 200: {"sessionId":"7035d78d-a1d5-4f8b-b159-0bc429a2c240","value":{}}
[debug] &amp#27;[35m[W3C (e97454c4)]&amp#27;[39m Responding to client with driver.getSession() result: {"platform":"LINUX","webStorageEnabled":false,"takesScreenshot":true,"javascriptEnabled":true,"databaseEnabled":false,"networkConnectionEnabled":true,"locationContextEnabled":false,"warnings":{},"desired":{"platformName":"android","app":"D:\\AppiumTutorial\\Projects\\AppiumFramework\\src\\original.apk","automationName":"Uiautomator2","chromedriverExecutable":"D:\\AppiumTutorial\\Projects\\Introduction\\BrowserDriver\\Google\\chromedriver.exe","deviceName":"Nexus5XPie9Emulator","newCommandTimeout":15},"platformName":"android","app":"D:\\AppiumTutorial\\Projects\\AppiumFramework\\src\\original.apk","automationName":"Uiautomator2","chromedriverExecutable":"D:\\AppiumTutorial\\Projects\\Introduction\\BrowserDriver\\Google\\chromedriver.exe","deviceName":"emulator-5554","newCommandTimeout":15,"deviceUDID":"emulator-5554","appPackage":"io.appium.android.apis","deviceApiLevel":28,"platformVersion":"9","deviceScreenSize":"1080x1920","deviceScreenDensity":420,"deviceModel":"AOSP on IA Emulator","deviceManufacturer"...
&amp#27;[35m[HTTP]&amp#27;[39m &amp#27;[37m<-- GET /wd/hub/session/e97454c4-ecde-472d-9cc5-c650c1cc54d8 &amp#27;[39m&amp#27;[32m200&amp#27;[39m &amp#27;[90m9 ms - 1141&amp#27;[39m
&amp#27;[35m[HTTP]&amp#27;[39m &amp#27;[90m&amp#27;[39m
&amp#27;[35m[HTTP]&amp#27;[39m &amp#27;[37m-->&amp#27;[39m &amp#27;[37mPOST&amp#27;[39m &amp#27;[37m/wd/hub/session/e97454c4-ecde-472d-9cc5-c650c1cc54d8/element&amp#27;[39m
&amp#27;[35m[HTTP]&amp#27;[39m &amp#27;[90m{"using":"xpath","value":"//android.widget.TextView[@content-desc='3. Preference dependencies']"}&amp#27;[39m
[debug] &amp#27;[35m[W3C (e97454c4)]&amp#27;[39m Calling AppiumDriver.findElement() with args: ["xpath","//android.widget.TextView[@content-desc='3. Preference dependencies']","e97454c4-ecde-472d-9cc5-c650c1cc54d8"]
[debug] &amp#27;[35m[BaseDriver]&amp#27;[39m Valid locator strategies for this request: xpath, id, class name, accessibility id, -android uiautomator
[debug] &amp#27;[35m[BaseDriver]&amp#27;[39m Waiting up to 10000 ms for condition
[debug] &amp#27;[35m[WD Proxy]&amp#27;[39m Matched '/element' to command name 'findElement'
[debug] &amp#27;[35m[WD Proxy]&amp#27;[39m Proxying [POST /element] to [POST http://127.0.0.1:8217/wd/hub/session/7035d78d-a1d5-4f8b-b159-0bc429a2c240/element] with body: {"strategy":"xpath","selector":"//android.widget.TextView[@content-desc='3. Preference dependencies']","context":"","multiple":false}
[debug] &amp#27;[35m[WD Proxy]&amp#27;[39m Got response with status 200: {"sessionId":"7035d78d-a1d5-4f8b-b159-0bc429a2c240","value":{"ELEMENT":"82fab8c7-71c3-4aef-91ea-794c4a15558d","element-6066-11e4-a52e-4f735466cecf":"82fab8c7-71c3-4aef-91ea-794c4a15558d"}}
[debug] &amp#27;[35m[W3C (e97454c4)]&amp#27;[39m Responding to client with driver.findElement() result: {"element-6066-11e4-a52e-4f735466cecf":"82fab8c7-71c3-4aef-91ea-794c4a15558d","ELEMENT":"82fab8c7-71c3-4aef-91ea-794c4a15558d"}
&amp#27;[35m[HTTP]&amp#27;[39m &amp#27;[37m<-- POST /wd/hub/session/e97454c4-ecde-472d-9cc5-c650c1cc54d8/element &amp#27;[39m&amp#27;[32m200&amp#27;[39m &amp#27;[90m158 ms - 137&amp#27;[39m
&amp#27;[35m[HTTP]&amp#27;[39m &amp#27;[90m&amp#27;[39m
&amp#27;[35m[HTTP]&amp#27;[39m &amp#27;[37m-->&amp#27;[39m &amp#27;[37mPOST&amp#27;[39m &amp#27;[37m/wd/hub/session/e97454c4-ecde-472d-9cc5-c650c1cc54d8/element/82fab8c7-71c3-4aef-91ea-794c4a15558d/click&amp#27;[39m
&amp#27;[35m[HTTP]&amp#27;[39m &amp#27;[90m{"id":"82fab8c7-71c3-4aef-91ea-794c4a15558d"}&amp#27;[39m
[debug] &amp#27;[35m[W3C (e97454c4)]&amp#27;[39m Calling AppiumDriver.click() with args: ["82fab8c7-71c3-4aef-91ea-794c4a15558d","e97454c4-ecde-472d-9cc5-c650c1cc54d8"]
[debug] &amp#27;[35m[WD Proxy]&amp#27;[39m Matched '/element/82fab8c7-71c3-4aef-91ea-794c4a15558d/click' to command name 'click'
[debug] &amp#27;[35m[WD Proxy]&amp#27;[39m Proxying [POST /element/82fab8c7-71c3-4aef-91ea-794c4a15558d/click] to [POST http://127.0.0.1:8217/wd/hub/session/7035d78d-a1d5-4f8b-b159-0bc429a2c240/element/82fab8c7-71c3-4aef-91ea-794c4a15558d/click] with body: {"element":"82fab8c7-71c3-4aef-91ea-794c4a15558d"}
[debug] &amp#27;[35m[WD Proxy]&amp#27;[39m Got response with status 200: {"sessionId":"7035d78d-a1d5-4f8b-b159-0bc429a2c240","value":null}
[debug] &amp#27;[35m[W3C (e97454c4)]&amp#27;[39m Responding to client with driver.click() result: null
&amp#27;[35m[HTTP]&amp#27;[39m &amp#27;[37m<-- POST /wd/hub/session/e97454c4-ecde-472d-9cc5-c650c1cc54d8/element/82fab8c7-71c3-4aef-91ea-794c4a15558d/click &amp#27;[39m&amp#27;[32m200&amp#27;[39m &amp#27;[90m1238 ms - 14&amp#27;[39m
&amp#27;[35m[HTTP]&amp#27;[39m &amp#27;[90m&amp#27;[39m
&amp#27;[35m[HTTP]&amp#27;[39m &amp#27;[37m-->&amp#27;[39m &amp#27;[37mPOST&amp#27;[39m &amp#27;[37m/wd/hub/session/e97454c4-ecde-472d-9cc5-c650c1cc54d8/element&amp#27;[39m
&amp#27;[35m[HTTP]&amp#27;[39m &amp#27;[90m{"using":"id","value":"android:id/checkbox"}&amp#27;[39m
[debug] &amp#27;[35m[W3C (e97454c4)]&amp#27;[39m Calling AppiumDriver.findElement() with args: ["id","android:id/checkbox","e97454c4-ecde-472d-9cc5-c650c1cc54d8"]
[debug] &amp#27;[35m[BaseDriver]&amp#27;[39m Valid locator strategies for this request: xpath, id, class name, accessibility id, -android uiautomator
[debug] &amp#27;[35m[BaseDriver]&amp#27;[39m Waiting up to 10000 ms for condition
[debug] &amp#27;[35m[WD Proxy]&amp#27;[39m Matched '/element' to command name 'findElement'
[debug] &amp#27;[35m[WD Proxy]&amp#27;[39m Proxying [POST /element] to [POST http://127.0.0.1:8217/wd/hub/session/7035d78d-a1d5-4f8b-b159-0bc429a2c240/element] with body: {"strategy":"id","selector":"android:id/checkbox","context":"","multiple":false}
[debug] &amp#27;[35m[WD Proxy]&amp#27;[39m Got response with status 200: {"sessionId":"7035d78d-a1d5-4f8b-b159-0bc429a2c240","value":{"ELEMENT":"24879b85-bda3-4ecb-84b5-3eebfa371151","element-6066-11e4-a52e-4f735466cecf":"24879b85-bda3-4ecb-84b5-3eebfa371151"}}
[debug] &amp#27;[35m[W3C (e97454c4)]&amp#27;[39m Responding to client with driver.findElement() result: {"element-6066-11e4-a52e-4f735466cecf":"24879b85-bda3-4ecb-84b5-3eebfa371151","ELEMENT":"24879b85-bda3-4ecb-84b5-3eebfa371151"}
&amp#27;[35m[HTTP]&amp#27;[39m &amp#27;[37m<-- POST /wd/hub/session/e97454c4-ecde-472d-9cc5-c650c1cc54d8/element &amp#27;[39m&amp#27;[32m200&amp#27;[39m &amp#27;[90m49 ms - 137&amp#27;[39m
&amp#27;[35m[HTTP]&amp#27;[39m &amp#27;[90m&amp#27;[39m
&amp#27;[35m[HTTP]&amp#27;[39m &amp#27;[37m-->&amp#27;[39m &amp#27;[37mPOST&amp#27;[39m &amp#27;[37m/wd/hub/session/e97454c4-ecde-472d-9cc5-c650c1cc54d8/element/24879b85-bda3-4ecb-84b5-3eebfa371151/click&amp#27;[39m
&amp#27;[35m[HTTP]&amp#27;[39m &amp#27;[90m{"id":"24879b85-bda3-4ecb-84b5-3eebfa371151"}&amp#27;[39m
[debug] &amp#27;[35m[W3C (e97454c4)]&amp#27;[39m Calling AppiumDriver.click() with args: ["24879b85-bda3-4ecb-84b5-3eebfa371151","e97454c4-ecde-472d-9cc5-c650c1cc54d8"]
[debug] &amp#27;[35m[WD Proxy]&amp#27;[39m Matched '/element/24879b85-bda3-4ecb-84b5-3eebfa371151/click' to command name 'click'
[debug] &amp#27;[35m[WD Proxy]&amp#27;[39m Proxying [POST /element/24879b85-bda3-4ecb-84b5-3eebfa371151/click] to [POST http://127.0.0.1:8217/wd/hub/session/7035d78d-a1d5-4f8b-b159-0bc429a2c240/element/24879b85-bda3-4ecb-84b5-3eebfa371151/click] with body: {"element":"24879b85-bda3-4ecb-84b5-3eebfa371151"}
[debug] &amp#27;[35m[WD Proxy]&amp#27;[39m Got response with status 200: {"sessionId":"7035d78d-a1d5-4f8b-b159-0bc429a2c240","value":null}
[debug] &amp#27;[35m[W3C (e97454c4)]&amp#27;[39m Responding to client with driver.click() result: null
&amp#27;[35m[HTTP]&amp#27;[39m &amp#27;[37m<-- POST /wd/hub/session/e97454c4-ecde-472d-9cc5-c650c1cc54d8/element/24879b85-bda3-4ecb-84b5-3eebfa371151/click &amp#27;[39m&amp#27;[32m200&amp#27;[39m &amp#27;[90m41 ms - 14&amp#27;[39m
&amp#27;[35m[HTTP]&amp#27;[39m &amp#27;[90m&amp#27;[39m
&amp#27;[35m[HTTP]&amp#27;[39m &amp#27;[37m-->&amp#27;[39m &amp#27;[37mPOST&amp#27;[39m &amp#27;[37m/wd/hub/session/e97454c4-ecde-472d-9cc5-c650c1cc54d8/element&amp#27;[39m
&amp#27;[35m[HTTP]&amp#27;[39m &amp#27;[90m{"using":"xpath","value":"(//android.widget.RelativeLayout)[2]"}&amp#27;[39m
[debug] &amp#27;[35m[W3C (e97454c4)]&amp#27;[39m Calling AppiumDriver.findElement() with args: ["xpath","(//android.widget.RelativeLayout)[2]","e97454c4-ecde-472d-9cc5-c650c1cc54d8"]
[debug] &amp#27;[35m[BaseDriver]&amp#27;[39m Valid locator strategies for this request: xpath, id, class name, accessibility id, -android uiautomator
[debug] &amp#27;[35m[BaseDriver]&amp#27;[39m Waiting up to 10000 ms for condition
[debug] &amp#27;[35m[WD Proxy]&amp#27;[39m Matched '/element' to command name 'findElement'
[debug] &amp#27;[35m[WD Proxy]&amp#27;[39m Proxying [POST /element] to [POST http://127.0.0.1:8217/wd/hub/session/7035d78d-a1d5-4f8b-b159-0bc429a2c240/element] with body: {"strategy":"xpath","selector":"(//android.widget.RelativeLayout)[2]","context":"","multiple":false}
[debug] &amp#27;[35m[WD Proxy]&amp#27;[39m Got response with status 200: {"sessionId":"7035d78d-a1d5-4f8b-b159-0bc429a2c240","value":{"ELEMENT":"e7fc6ff2-32b9-4820-97d1-a920c8af3874","element-6066-11e4-a52e-4f735466cecf":"e7fc6ff2-32b9-4820-97d1-a920c8af3874"}}
[debug] &amp#27;[35m[W3C (e97454c4)]&amp#27;[39m Responding to client with driver.findElement() result: {"element-6066-11e4-a52e-4f735466cecf":"e7fc6ff2-32b9-4820-97d1-a920c8af3874","ELEMENT":"e7fc6ff2-32b9-4820-97d1-a920c8af3874"}
&amp#27;[35m[HTTP]&amp#27;[39m &amp#27;[37m<-- POST /wd/hub/session/e97454c4-ecde-472d-9cc5-c650c1cc54d8/element &amp#27;[39m&amp#27;[32m200&amp#27;[39m &amp#27;[90m114 ms - 137&amp#27;[39m
&amp#27;[35m[HTTP]&amp#27;[39m &amp#27;[90m&amp#27;[39m
&amp#27;[35m[HTTP]&amp#27;[39m &amp#27;[37m-->&amp#27;[39m &amp#27;[37mPOST&amp#27;[39m &amp#27;[37m/wd/hub/session/e97454c4-ecde-472d-9cc5-c650c1cc54d8/element/e7fc6ff2-32b9-4820-97d1-a920c8af3874/click&amp#27;[39m
&amp#27;[35m[HTTP]&amp#27;[39m &amp#27;[90m{"id":"e7fc6ff2-32b9-4820-97d1-a920c8af3874"}&amp#27;[39m
[debug] &amp#27;[35m[W3C (e97454c4)]&amp#27;[39m Calling AppiumDriver.click() with args: ["e7fc6ff2-32b9-4820-97d1-a920c8af3874","e97454c4-ecde-472d-9cc5-c650c1cc54d8"]
[debug] &amp#27;[35m[WD Proxy]&amp#27;[39m Matched '/element/e7fc6ff2-32b9-4820-97d1-a920c8af3874/click' to command name 'click'
[debug] &amp#27;[35m[WD Proxy]&amp#27;[39m Proxying [POST /element/e7fc6ff2-32b9-4820-97d1-a920c8af3874/click] to [POST http://127.0.0.1:8217/wd/hub/session/7035d78d-a1d5-4f8b-b159-0bc429a2c240/element/e7fc6ff2-32b9-4820-97d1-a920c8af3874/click] with body: {"element":"e7fc6ff2-32b9-4820-97d1-a920c8af3874"}
[debug] &amp#27;[35m[WD Proxy]&amp#27;[39m Got response with status 200: {"sessionId":"7035d78d-a1d5-4f8b-b159-0bc429a2c240","value":null}
[debug] &amp#27;[35m[W3C (e97454c4)]&amp#27;[39m Responding to client with driver.click() result: null
&amp#27;[35m[HTTP]&amp#27;[39m &amp#27;[37m<-- POST /wd/hub/session/e97454c4-ecde-472d-9cc5-c650c1cc54d8/element/e7fc6ff2-32b9-4820-97d1-a920c8af3874/click &amp#27;[39m&amp#27;[32m200&amp#27;[39m &amp#27;[90m1187 ms - 14&amp#27;[39m
&amp#27;[35m[HTTP]&amp#27;[39m &amp#27;[90m&amp#27;[39m
&amp#27;[35m[HTTP]&amp#27;[39m &amp#27;[37m-->&amp#27;[39m &amp#27;[37mPOST&amp#27;[39m &amp#27;[37m/wd/hub/session/e97454c4-ecde-472d-9cc5-c650c1cc54d8/element&amp#27;[39m
&amp#27;[35m[HTTP]&amp#27;[39m &amp#27;[90m{"using":"class name","value":"android.widget.EditText"}&amp#27;[39m
[debug] &amp#27;[35m[W3C (e97454c4)]&amp#27;[39m Calling AppiumDriver.findElement() with args: ["class name","android.widget.EditText","e97454c4-ecde-472d-9cc5-c650c1cc54d8"]
[debug] &amp#27;[35m[BaseDriver]&amp#27;[39m Valid locator strategies for this request: xpath, id, class name, accessibility id, -android uiautomator
[debug] &amp#27;[35m[BaseDriver]&amp#27;[39m Waiting up to 10000 ms for condition
[debug] &amp#27;[35m[WD Proxy]&amp#27;[39m Matched '/element' to command name 'findElement'
[debug] &amp#27;[35m[WD Proxy]&amp#27;[39m Proxying [POST /element] to [POST http://127.0.0.1:8217/wd/hub/session/7035d78d-a1d5-4f8b-b159-0bc429a2c240/element] with body: {"strategy":"class name","selector":"android.widget.EditText","context":"","multiple":false}
[debug] &amp#27;[35m[WD Proxy]&amp#27;[39m Got response with status 200: {"sessionId":"7035d78d-a1d5-4f8b-b159-0bc429a2c240","value":{"ELEMENT":"ae48e84b-f152-47c0-959b-494e399c22b5","element-6066-11e4-a52e-4f735466cecf":"ae48e84b-f152-47c0-959b-494e399c22b5"}}
[debug] &amp#27;[35m[W3C (e97454c4)]&amp#27;[39m Responding to client with driver.findElement() result: {"element-6066-11e4-a52e-4f735466cecf":"ae48e84b-f152-47c0-959b-494e399c22b5","ELEMENT":"ae48e84b-f152-47c0-959b-494e399c22b5"}
&amp#27;[35m[HTTP]&amp#27;[39m &amp#27;[37m<-- POST /wd/hub/session/e97454c4-ecde-472d-9cc5-c650c1cc54d8/element &amp#27;[39m&amp#27;[32m200&amp#27;[39m &amp#27;[90m55 ms - 137&amp#27;[39m
&amp#27;[35m[HTTP]&amp#27;[39m &amp#27;[90m&amp#27;[39m
&amp#27;[35m[HTTP]&amp#27;[39m &amp#27;[37m-->&amp#27;[39m &amp#27;[37mPOST&amp#27;[39m &amp#27;[37m/wd/hub/session/e97454c4-ecde-472d-9cc5-c650c1cc54d8/element/ae48e84b-f152-47c0-959b-494e399c22b5/value&amp#27;[39m
&amp#27;[35m[HTTP]&amp#27;[39m &amp#27;[90m{"id":"ae48e84b-f152-47c0-959b-494e399c22b5","text":"(#@*","value":["(","#","@","*"]}&amp#27;[39m
[debug] &amp#27;[35m[W3C (e97454c4)]&amp#27;[39m Calling AppiumDriver.setValue() with args: [["(","#","@","*"],"ae48e84b-f152-47c0-959b-494e399c22b5","e97454c4-ecde-472d-9cc5-c650c1cc54d8"]
[debug] &amp#27;[35m[WD Proxy]&amp#27;[39m Matched '/element/ae48e84b-f152-47c0-959b-494e399c22b5/value' to command name 'setValue'
[debug] &amp#27;[35m[Protocol Converter]&amp#27;[39m Added 'value' property ["(","#","@","*"] to 'setValue' request body
[debug] &amp#27;[35m[WD Proxy]&amp#27;[39m Proxying [POST /element/ae48e84b-f152-47c0-959b-494e399c22b5/value] to [POST http://127.0.0.1:8217/wd/hub/session/7035d78d-a1d5-4f8b-b159-0bc429a2c240/element/ae48e84b-f152-47c0-959b-494e399c22b5/value] with body: {"elementId":"ae48e84b-f152-47c0-959b-494e399c22b5","text":"(#@*","replace":false,"value":["(","#","@","*"]}
[debug] &amp#27;[35m[WD Proxy]&amp#27;[39m Got response with status 200: {"sessionId":"7035d78d-a1d5-4f8b-b159-0bc429a2c240","value":null}
[debug] &amp#27;[35m[W3C (e97454c4)]&amp#27;[39m Responding to client with driver.setValue() result: null
&amp#27;[35m[HTTP]&amp#27;[39m &amp#27;[37m<-- POST /wd/hub/session/e97454c4-ecde-472d-9cc5-c650c1cc54d8/element/ae48e84b-f152-47c0-959b-494e399c22b5/value &amp#27;[39m&amp#27;[32m200&amp#27;[39m &amp#27;[90m52 ms - 14&amp#27;[39m
&amp#27;[35m[HTTP]&amp#27;[39m &amp#27;[90m&amp#27;[39m
&amp#27;[35m[HTTP]&amp#27;[39m &amp#27;[37m-->&amp#27;[39m &amp#27;[37mPOST&amp#27;[39m &amp#27;[37m/wd/hub/session/e97454c4-ecde-472d-9cc5-c650c1cc54d8/element&amp#27;[39m
&amp#27;[35m[HTTP]&amp#27;[39m &amp#27;[90m{"using":"id","value":"android:id/button1"}&amp#27;[39m
[debug] &amp#27;[35m[W3C (e97454c4)]&amp#27;[39m Calling AppiumDriver.findElement() with args: ["id","android:id/button1","e97454c4-ecde-472d-9cc5-c650c1cc54d8"]
[debug] &amp#27;[35m[BaseDriver]&amp#27;[39m Valid locator strategies for this request: xpath, id, class name, accessibility id, -android uiautomator
[debug] &amp#27;[35m[BaseDriver]&amp#27;[39m Waiting up to 10000 ms for condition
[debug] &amp#27;[35m[WD Proxy]&amp#27;[39m Matched '/element' to command name 'findElement'
[debug] &amp#27;[35m[WD Proxy]&amp#27;[39m Proxying [POST /element] to [POST http://127.0.0.1:8217/wd/hub/session/7035d78d-a1d5-4f8b-b159-0bc429a2c240/element] with body: {"strategy":"id","selector":"android:id/button1","context":"","multiple":false}
[debug] &amp#27;[35m[WD Proxy]&amp#27;[39m Got response with status 200: {"sessionId":"7035d78d-a1d5-4f8b-b159-0bc429a2c240","value":{"ELEMENT":"a8148357-3fb0-47af-a658-ad684121baa6","element-6066-11e4-a52e-4f735466cecf":"a8148357-3fb0-47af-a658-ad684121baa6"}}
[debug] &amp#27;[35m[W3C (e97454c4)]&amp#27;[39m Responding to client with driver.findElement() result: {"element-6066-11e4-a52e-4f735466cecf":"a8148357-3fb0-47af-a658-ad684121baa6","ELEMENT":"a8148357-3fb0-47af-a658-ad684121baa6"}
&amp#27;[35m[HTTP]&amp#27;[39m &amp#27;[37m<-- POST /wd/hub/session/e97454c4-ecde-472d-9cc5-c650c1cc54d8/element &amp#27;[39m&amp#27;[32m200&amp#27;[39m &amp#27;[90m730 ms - 137&amp#27;[39m
&amp#27;[35m[HTTP]&amp#27;[39m &amp#27;[90m&amp#27;[39m
&amp#27;[35m[HTTP]&amp#27;[39m &amp#27;[37m-->&amp#27;[39m &amp#27;[37mPOST&amp#27;[39m &amp#27;[37m/wd/hub/session/e97454c4-ecde-472d-9cc5-c650c1cc54d8/element/a8148357-3fb0-47af-a658-ad684121baa6/click&amp#27;[39m
&amp#27;[35m[HTTP]&amp#27;[39m &amp#27;[90m{"id":"a8148357-3fb0-47af-a658-ad684121baa6"}&amp#27;[39m
[debug] &amp#27;[35m[W3C (e97454c4)]&amp#27;[39m Calling AppiumDriver.click() with args: ["a8148357-3fb0-47af-a658-ad684121baa6","e97454c4-ecde-472d-9cc5-c650c1cc54d8"]
[debug] &amp#27;[35m[WD Proxy]&amp#27;[39m Matched '/element/a8148357-3fb0-47af-a658-ad684121baa6/click' to command name 'click'
[debug] &amp#27;[35m[WD Proxy]&amp#27;[39m Proxying [POST /element/a8148357-3fb0-47af-a658-ad684121baa6/click] to [POST http://127.0.0.1:8217/wd/hub/session/7035d78d-a1d5-4f8b-b159-0bc429a2c240/element/a8148357-3fb0-47af-a658-ad684121baa6/click] with body: {"element":"a8148357-3fb0-47af-a658-ad684121baa6"}
[debug] &amp#27;[35m[WD Proxy]&amp#27;[39m Got response with status 200: {"sessionId":"7035d78d-a1d5-4f8b-b159-0bc429a2c240","value":null}
[debug] &amp#27;[35m[W3C (e97454c4)]&amp#27;[39m Responding to client with driver.click() result: null
&amp#27;[35m[HTTP]&amp#27;[39m &amp#27;[37m<-- POST /wd/hub/session/e97454c4-ecde-472d-9cc5-c650c1cc54d8/element/a8148357-3fb0-47af-a658-ad684121baa6/click &amp#27;[39m&amp#27;[32m200&amp#27;[39m &amp#27;[90m24 ms - 14&amp#27;[39m
&amp#27;[35m[HTTP]&amp#27;[39m &amp#27;[90m&amp#27;[39m
]]></system-out>
    <system-err><![CDATA[Jun 22, 2020 10:37:23 PM io.appium.java_client.remote.AppiumCommandExecutor$1 lambda$0
INFO: Detected dialect: W3C
]]></system-err>
  </testcase>
</testsuite>