<?xml version="1.0" encoding="UTF-8"?>
<testng-results skipped="0" failed="0" total="3" passed="3">
  <reporter-output>
  </reporter-output>
  <suite name="Suite" duration-ms="82432" started-at="2020-06-22T14:36:08Z" finished-at="2020-06-22T14:37:31Z">
    <groups>
    </groups>
    <test name="Test" duration-ms="82432" started-at="2020-06-22T14:36:08Z" finished-at="2020-06-22T14:37:31Z">
      <class name="Project.ApiDemoTest">
        <test-method status="PASS" signature="PageObjectMain(java.lang.String)[pri:0, instance:Project.ApiDemoTest@57baeedf]" name="PageObjectMain" duration-ms="20751" started-at="2020-06-22T22:36:50Z" data-provider="InputData" finished-at="2020-06-22T22:37:11Z">
          <params>
            <param index="0">
              <value>
                <![CDATA[Data Provider]]>
              </value>
            </param>
          </params>
          <reporter-output>
          </reporter-output>
        </test-method> <!-- PageObjectMain -->
        <test-method status="PASS" signature="PageObjectMain(java.lang.String)[pri:0, instance:Project.ApiDemoTest@57baeedf]" name="PageObjectMain" duration-ms="20324" started-at="2020-06-22T22:37:11Z" data-provider="InputData" finished-at="2020-06-22T22:37:31Z">
          <params>
            <param index="0">
              <value>
                <![CDATA[(#@*]]>
              </value>
            </param>
          </params>
          <reporter-output>
          </reporter-output>
        </test-method> <!-- PageObjectMain -->
      </class> <!-- Project.ApiDemoTest -->
      <class name="Project.Ecommerce">
        <test-method status="PASS" signature="killAppium()[pri:0, instance:Project.Ecommerce@66a3ffec]" name="killAppium" is-config="true" duration-ms="2013" started-at="2020-06-22T22:36:08Z" finished-at="2020-06-22T22:36:11Z">
          <reporter-output>
          </reporter-output>
        </test-method> <!-- killAppium -->
        <test-method status="PASS" signature="ValidateTotal()[pri:0, instance:Project.Ecommerce@66a3ffec]" name="ValidateTotal" duration-ms="39330" started-at="2020-06-22T22:36:11Z" finished-at="2020-06-22T22:36:50Z">
          <reporter-output>
          </reporter-output>
        </test-method> <!-- ValidateTotal -->
      </class> <!-- Project.Ecommerce -->
    </test> <!-- Test -->
  </suite> <!-- Suite -->
</testng-results>
