<?xml version="1.0" encoding="UTF-8"?>
<testng-results skipped="0" failed="1" total="3" passed="2">
  <reporter-output>
  </reporter-output>
  <suite name="Suite" duration-ms="91579" started-at="2020-06-22T13:51:31Z" finished-at="2020-06-22T13:53:03Z">
    <groups>
    </groups>
    <test name="Test" duration-ms="91579" started-at="2020-06-22T13:51:31Z" finished-at="2020-06-22T13:53:03Z">
      <class name="Project.ApiDemoTest">
        <test-method status="PASS" signature="PageObjectMain(java.lang.String)[pri:0, instance:Project.ApiDemoTest@3c0f93f1]" name="PageObjectMain" duration-ms="22956" started-at="2020-06-22T21:52:15Z" data-provider="InputData" finished-at="2020-06-22T21:52:38Z">
          <params>
            <param index="0">
              <value>
                <![CDATA[Data Provider]]>
              </value>
            </param>
          </params>
          <reporter-output>
          </reporter-output>
        </test-method> <!-- PageObjectMain -->
        <test-method status="FAIL" signature="PageObjectMain(java.lang.String)[pri:0, instance:Project.ApiDemoTest@3c0f93f1]" name="PageObjectMain" duration-ms="24665" started-at="2020-06-22T21:52:38Z" data-provider="InputData" finished-at="2020-06-22T21:53:02Z">
          <params>
            <param index="0">
              <value>
                <![CDATA[(#@*]]>
              </value>
            </param>
          </params>
          <exception class="org.openqa.selenium.StaleElementReferenceException">
            <message>
              <![CDATA[androidx.test.uiautomator.StaleObjectException
For documentation on this error, please visit: https://www.seleniumhq.org/exceptions/stale_element_reference.html
Build info: version: '3.141.59', revision: 'e82be7d358', time: '2018-11-14T08:17:03'
System info: host: 'LAPTOP-NM5D28JI', ip: '192.168.56.1', os.name: 'Windows 10', os.arch: 'amd64', os.version: '10.0', java.version: '1.8.0_251'
Driver info: io.appium.java_client.android.AndroidDriver
Capabilities {app: D:\AppiumTutorial\Projects\..., appPackage: io.appium.android.apis, automationName: Uiautomator2, chromedriverExecutable: D:\AppiumTutorial\Projects\..., databaseEnabled: false, desired: {app: D:\AppiumTutorial\Projects\..., automationName: Uiautomator2, chromedriverExecutable: D:\AppiumTutorial\Projects\..., deviceName: Nexus5XPie9Emulator, newCommandTimeout: 15, platformName: android}, deviceApiLevel: 28, deviceManufacturer: Google, deviceModel: AOSP on IA Emulator, deviceName: emulator-5554, deviceScreenDensity: 420, deviceScreenSize: 1080x1920, deviceUDID: emulator-5554, javascriptEnabled: true, locationContextEnabled: false, networkConnectionEnabled: true, newCommandTimeout: 15, pixelRatio: 2.625, platform: LINUX, platformName: Android, platformVersion: 9, statBarHeight: 63, takesScreenshot: true, viewportRect: {height: 1731, left: 0, top: 63, width: 1080}, warnings: {}, webStorageEnabled: false}
Session ID: 23181ea8-7279-489c-9da0-6918aed1f2b6]]>
            </message>
            <full-stacktrace>
              <![CDATA[org.openqa.selenium.StaleElementReferenceException: androidx.test.uiautomator.StaleObjectException
For documentation on this error, please visit: https://www.seleniumhq.org/exceptions/stale_element_reference.html
Build info: version: '3.141.59', revision: 'e82be7d358', time: '2018-11-14T08:17:03'
System info: host: 'LAPTOP-NM5D28JI', ip: '192.168.56.1', os.name: 'Windows 10', os.arch: 'amd64', os.version: '10.0', java.version: '1.8.0_251'
Driver info: io.appium.java_client.android.AndroidDriver
Capabilities {app: D:\AppiumTutorial\Projects\..., appPackage: io.appium.android.apis, automationName: Uiautomator2, chromedriverExecutable: D:\AppiumTutorial\Projects\..., databaseEnabled: false, desired: {app: D:\AppiumTutorial\Projects\..., automationName: Uiautomator2, chromedriverExecutable: D:\AppiumTutorial\Projects\..., deviceName: Nexus5XPie9Emulator, newCommandTimeout: 15, platformName: android}, deviceApiLevel: 28, deviceManufacturer: Google, deviceModel: AOSP on IA Emulator, deviceName: emulator-5554, deviceScreenDensity: 420, deviceScreenSize: 1080x1920, deviceUDID: emulator-5554, javascriptEnabled: true, locationContextEnabled: false, networkConnectionEnabled: true, newCommandTimeout: 15, pixelRatio: 2.625, platform: LINUX, platformName: Android, platformVersion: 9, statBarHeight: 63, takesScreenshot: true, viewportRect: {height: 1731, left: 0, top: 63, width: 1080}, warnings: {}, webStorageEnabled: false}
Session ID: 23181ea8-7279-489c-9da0-6918aed1f2b6
	at sun.reflect.NativeConstructorAccessorImpl.newInstance0(Native Method)
	at sun.reflect.NativeConstructorAccessorImpl.newInstance(Unknown Source)
	at sun.reflect.DelegatingConstructorAccessorImpl.newInstance(Unknown Source)
	at java.lang.reflect.Constructor.newInstance(Unknown Source)
	at org.openqa.selenium.remote.http.W3CHttpResponseCodec.createException(W3CHttpResponseCodec.java:187)
	at org.openqa.selenium.remote.http.W3CHttpResponseCodec.decode(W3CHttpResponseCodec.java:122)
	at org.openqa.selenium.remote.http.W3CHttpResponseCodec.decode(W3CHttpResponseCodec.java:49)
	at org.openqa.selenium.remote.HttpCommandExecutor.execute(HttpCommandExecutor.java:158)
	at io.appium.java_client.remote.AppiumCommandExecutor.execute(AppiumCommandExecutor.java:231)
	at org.openqa.selenium.remote.RemoteWebDriver.execute(RemoteWebDriver.java:552)
	at io.appium.java_client.DefaultGenericMobileDriver.execute(DefaultGenericMobileDriver.java:42)
	at io.appium.java_client.AppiumDriver.execute(AppiumDriver.java:1)
	at io.appium.java_client.android.AndroidDriver.execute(AndroidDriver.java:1)
	at org.openqa.selenium.remote.RemoteWebElement.execute(RemoteWebElement.java:285)
	at io.appium.java_client.DefaultGenericMobileElement.execute(DefaultGenericMobileElement.java:45)
	at io.appium.java_client.MobileElement.execute(MobileElement.java:1)
	at io.appium.java_client.android.AndroidElement.execute(AndroidElement.java:1)
	at org.openqa.selenium.remote.RemoteWebElement.sendKeys(RemoteWebElement.java:106)
	at Project.ApiDemoTest.PageObjectMain(ApiDemoTest.java:37)
	at sun.reflect.NativeMethodAccessorImpl.invoke0(Native Method)
	at sun.reflect.NativeMethodAccessorImpl.invoke(Unknown Source)
	at sun.reflect.DelegatingMethodAccessorImpl.invoke(Unknown Source)
	at java.lang.reflect.Method.invoke(Unknown Source)
	at org.testng.internal.MethodInvocationHelper.invokeMethod(MethodInvocationHelper.java:85)
	at org.testng.internal.Invoker.invokeMethod(Invoker.java:659)
	at org.testng.internal.Invoker.invokeTestMethod(Invoker.java:845)
	at org.testng.internal.Invoker.invokeTestMethods(Invoker.java:1153)
	at org.testng.internal.TestMethodWorker.invokeTestMethods(TestMethodWorker.java:125)
	at org.testng.internal.TestMethodWorker.run(TestMethodWorker.java:108)
	at org.testng.TestRunner.privateRun(TestRunner.java:771)
	at org.testng.TestRunner.run(TestRunner.java:621)
	at org.testng.SuiteRunner.runTest(SuiteRunner.java:357)
	at org.testng.SuiteRunner.runSequentially(SuiteRunner.java:352)
	at org.testng.SuiteRunner.privateRun(SuiteRunner.java:310)
	at org.testng.SuiteRunner.run(SuiteRunner.java:259)
	at org.testng.SuiteRunnerWorker.runSuite(SuiteRunnerWorker.java:52)
	at org.testng.SuiteRunnerWorker.run(SuiteRunnerWorker.java:86)
	at org.testng.TestNG.runSuitesSequentially(TestNG.java:1199)
	at org.testng.TestNG.runSuitesLocally(TestNG.java:1124)
	at org.testng.TestNG.run(TestNG.java:1032)
	at org.testng.remote.AbstractRemoteTestNG.run(AbstractRemoteTestNG.java:114)
	at org.testng.remote.RemoteTestNG.initAndRun(RemoteTestNG.java:251)
	at org.testng.remote.RemoteTestNG.main(RemoteTestNG.java:77)
]]>
            </full-stacktrace>
          </exception> <!-- org.openqa.selenium.StaleElementReferenceException -->
          <reporter-output>
          </reporter-output>
        </test-method> <!-- PageObjectMain -->
      </class> <!-- Project.ApiDemoTest -->
      <class name="Project.Ecommerce">
        <test-method status="PASS" signature="killAppium()[pri:0, instance:Project.Ecommerce@56235b8e]" name="killAppium" is-config="true" duration-ms="2009" started-at="2020-06-22T21:51:31Z" finished-at="2020-06-22T21:51:33Z">
          <reporter-output>
          </reporter-output>
        </test-method> <!-- killAppium -->
        <test-method status="PASS" signature="ValidateTotal()[pri:0, instance:Project.Ecommerce@56235b8e]" name="ValidateTotal" duration-ms="41329" started-at="2020-06-22T21:51:33Z" finished-at="2020-06-22T21:52:15Z">
          <reporter-output>
          </reporter-output>
        </test-method> <!-- ValidateTotal -->
      </class> <!-- Project.Ecommerce -->
    </test> <!-- Test -->
  </suite> <!-- Suite -->
</testng-results>
